Log file open, 03/18/20 20:13:01
LogWindows: Failed to load 'aqProf.dll' (GetLastError=126)
LogWindows: File 'aqProf.dll' does not exist
LogWindows: Failed to load 'VtuneApi.dll' (GetLastError=126)
LogWindows: File 'VtuneApi.dll' does not exist
LogWindows: Failed to load 'VtuneApi32e.dll' (GetLastError=126)
LogWindows: File 'VtuneApi32e.dll' does not exist
LogConsoleResponse: Display: Failed to find resolution value strings in scalability ini. Falling back to default.
LogInit: Display: Running engine for game: Git练习
LogPakFile: Registered encryption key '00000000000000000000000000000000': 0 pak files mounted, 0 remain pending
LogPlatformFile: Not using cached read wrapper
LogTaskGraph: Started task graph with 5 named threads and 35 total threads with 3 sets of task threads.
LogStats: Stats thread started at 0.407767
LogD3D11RHI: Loaded GFSDK_Aftermath_Lib.x64.dll
LogICUInternationalization: ICU TimeZone Detection - Raw Offset: +8:00, Platform Override: ''
LogPluginManager: Mounting plugin Paper2D
LogPluginManager: Mounting plugin AISupport
LogPluginManager: Mounting plugin LightPropagationVolume
LogPluginManager: Mounting plugin ActorLayerUtilities
LogPluginManager: Mounting plugin CLionSourceCodeAccess
LogPluginManager: Mounting plugin CodeLiteSourceCodeAccess
LogPluginManager: Mounting plugin GitSourceControl
LogPluginManager: Mounting plugin KDevelopSourceCodeAccess
LogPluginManager: Mounting plugin NullSourceCodeAccess
LogPluginManager: Mounting plugin PerforceSourceControl
LogPluginManager: Mounting plugin SubversionSourceControl
LogPluginManager: Mounting plugin UObjectPlugin
LogPluginManager: Mounting plugin VisualStudioCodeSourceCodeAccess
LogPluginManager: Mounting plugin VisualStudioSourceCodeAccess
LogPluginManager: Mounting plugin XCodeSourceCodeAccess
LogPluginManager: Mounting plugin AssetManagerEditor
LogPluginManager: Mounting plugin CryptoKeys
LogPluginManager: Mounting plugin DataValidation
LogPluginManager: Mounting plugin FacialAnimation
LogPluginManager: Mounting plugin GameplayTagsEditor
LogPluginManager: Mounting plugin MacGraphicsSwitching
LogPluginManager: Mounting plugin MeshEditor
LogPluginManager: Mounting plugin MobileLauncherProfileWizard
LogPluginManager: Mounting plugin PluginBrowser
LogPluginManager: Mounting plugin SpeedTreeImporter
LogPluginManager: Mounting plugin DatasmithContent
LogPluginManager: Mounting plugin VariantManagerContent
LogPluginManager: Mounting plugin AlembicImporter
LogPluginManager: Mounting plugin AppleImageUtils
LogPluginManager: Mounting plugin AppleVision
LogPluginManager: Mounting plugin BackChannel
LogPluginManager: Mounting plugin CharacterAI
LogPluginManager: Mounting plugin GeometryCache
LogPluginManager: Mounting plugin HTML5Networking
LogPluginManager: Mounting plugin ProxyLODPlugin
LogPluginManager: Mounting plugin MagicLeap
LogPluginManager: Mounting plugin MagicLeapMedia
LogPluginManager: Mounting plugin AndroidMedia
LogPluginManager: Mounting plugin AvfMedia
LogPluginManager: Mounting plugin ImgMedia
LogPluginManager: Mounting plugin LinearTimecode
LogPluginManager: Mounting plugin MediaCompositing
LogPluginManager: Mounting plugin MediaPlayerEditor
LogPluginManager: Mounting plugin WebMMedia
LogPluginManager: Mounting plugin WmfMedia
LogPluginManager: Mounting plugin TcpMessaging
LogPluginManager: Mounting plugin UdpMessaging
LogPluginManager: Mounting plugin ActorSequence
LogPluginManager: Mounting plugin LevelSequenceEditor
LogPluginManager: Mounting plugin MatineeToLevelSequence
LogPluginManager: Mounting plugin NetcodeUnitTest
LogPluginManager: Mounting plugin NUTUnrealEngine4
LogPluginManager: Mounting plugin OnlineSubsystemGooglePlay
LogPluginManager: Mounting plugin OnlineSubsystemIOS
LogPluginManager: Mounting plugin OnlineSubsystem
LogPluginManager: Mounting plugin OnlineSubsystemNull
LogPluginManager: Mounting plugin OnlineSubsystemUtils
LogPluginManager: Mounting plugin LauncherChunkInstaller
LogPluginManager: Mounting plugin AndroidDeviceProfileSelector
LogPluginManager: Mounting plugin AndroidMoviePlayer
LogPluginManager: Mounting plugin AndroidPermission
LogPluginManager: Mounting plugin AppleMoviePlayer
LogPluginManager: Mounting plugin ArchVisCharacter
LogPluginManager: Mounting plugin AudioCapture
LogPluginManager: Mounting plugin CableComponent
LogPluginManager: Mounting plugin CustomMeshComponent
LogPluginManager: Mounting plugin EditableMesh
LogPluginManager: Mounting plugin ExampleDeviceProfileSelector
LogPluginManager: Mounting plugin Firebase
LogPluginManager: Mounting plugin GoogleCloudMessaging
LogPluginManager: Mounting plugin HoudiniEngine
LogPluginManager: Mounting plugin IOSDeviceProfileSelector
LogPluginManager: Mounting plugin LinuxDeviceProfileSelector
LogPluginManager: Mounting plugin LocationServicesBPLibrary
LogPluginManager: Mounting plugin MobilePatchingUtils
LogPluginManager: Mounting plugin OculusVR
LogPluginManager: Mounting plugin PhysXVehicles
LogPluginManager: Mounting plugin ProceduralMeshComponent
LogPluginManager: Mounting plugin RuntimePhysXCooking
LogPluginManager: Mounting plugin SteamVR
LogPluginManager: Mounting plugin WebMMoviePlayer
LogPluginManager: Mounting plugin WindowsMoviePlayer
LogStreaming: Display: Took  0.153s to configure plugins.
LogInit: Using libcurl 7.55.1-DEV
LogInit:  - built for x86_64-pc-win32
LogInit:  - supports SSL with OpenSSL/1.0.2h
LogInit:  - supports HTTP deflate (compression) using libz 1.2.8
LogInit:  - other features:
LogInit:      CURL_VERSION_SSL
LogInit:      CURL_VERSION_LIBZ
LogInit:      CURL_VERSION_IPV6
LogInit:      CURL_VERSION_ASYNCHDNS
LogInit:      CURL_VERSION_LARGEFILE
LogInit:      CURL_VERSION_IDN
LogInit:  CurlRequestOptions (configurable via config and command line):
LogInit:  - bVerifyPeer = true  - Libcurl will verify peer certificate
LogInit:  - bUseHttpProxy = false  - Libcurl will NOT use HTTP proxy
LogInit:  - bDontReuseConnections = false  - Libcurl will reuse connections
LogInit:  - MaxHostConnections = 16  - Libcurl will limit the number of connections to a host
LogInit:  - LocalHostAddr = Default
LogInit:  - BufferSize = 65536
LogInit: WinSock: version 1.1 (2.2), MaxSocks=32767, MaxUdp=65467
LogInit: Build: ++UE4+Release-4.21-CL-4541578
LogInit: Engine Version: 4.21.0-4541578+++UE4+Release-4.21
LogInit: Compatible Engine Version: 4.21.0-4541578+++UE4+Release-4.21
LogInit: Net CL: 4541578
LogInit: OS: Windows 10 (), CPU: Intel(R) Core(TM) i7-8700K CPU @ 3.70GHz, GPU: Intel(R) UHD Graphics 630
LogInit: Compiled (64-bit): Nov  6 2018 02:04:24
LogInit: Compiled with Visual C++: 19.13.26129.00
LogInit: Build Configuration: Development
LogInit: Branch Name: ++UE4+Release-4.21
LogInit: Command Line: 
LogInit: Base Directory: F:/UE_4.21/Engine/Binaries/Win64/
LogInit: Installed Engine Build: 1
LogDevObjectVersion: Number of dev versions registered: 22
LogDevObjectVersion:   Dev-Blueprints (B0D832E4-1F89-4F0D-ACCF-7EB736FD4AA2): 10
LogDevObjectVersion:   Dev-Build (E1C64328-A22C-4D53-A36C-8E866417BD8C): 0
LogDevObjectVersion:   Dev-Core (375EC13C-06E4-48FB-B500-84F0262A717E): 2
LogDevObjectVersion:   Dev-Editor (E4B068ED-F494-42E9-A231-DA0B2E46BB41): 26
LogDevObjectVersion:   Dev-Framework (CFFC743F-43B0-4480-9391-14DF171D2073): 34
LogDevObjectVersion:   Dev-Mobile (B02B49B5-BB20-44E9-A304-32B752E40360): 2
LogDevObjectVersion:   Dev-Networking (A4E4105C-59A1-49B5-A7C5-40C4547EDFEE): 0
LogDevObjectVersion:   Dev-Online (39C831C9-5AE6-47DC-9A44-9C173E1C8E7C): 0
LogDevObjectVersion:   Dev-Physics (78F01B33-EBEA-4F98-B9B4-84EACCB95AA2): 0
LogDevObjectVersion:   Dev-Platform (6631380F-2D4D-43E0-8009-CF276956A95A): 0
LogDevObjectVersion:   Dev-Rendering (12F88B9F-8875-4AFC-A67C-D90C383ABD29): 27
LogDevObjectVersion:   Dev-Sequencer (7B5AE74C-D270-4C10-A958-57980B212A5A): 9
LogDevObjectVersion:   Dev-VR (D7296918-1DD6-4BDD-9DE2-64A83CC13884): 2
LogDevObjectVersion:   Dev-LoadTimes (C2A15278-BFE7-4AFE-6C17-90FF531DF755): 1
LogDevObjectVersion:   Private-Geometry (6EACA3D4-40EC-4CC1-B786-8BED09428FC5): 3
LogDevObjectVersion:   Dev-AnimPhys (29E575DD-E0A3-4627-9D10-D276232CDCEA): 17
LogDevObjectVersion:   Dev-Anim (AF43A65D-7FD3-4947-9873-3E8ED9C1BB05): 2
LogDevObjectVersion:   Dev-ReflectionCapture (6B266CEC-1EC7-4B8F-A30B-E4D90942FC07): 1
LogDevObjectVersion:   Dev-Automation (0DF73D61-A23F-47EA-B727-89E90C41499A): 1
LogDevObjectVersion:   FortniteMain (601D1886-AC64-4F84-AA16-D3DE0DEAC7D6): 17
LogDevObjectVersion:   Dev-Enterprise (9DFFBCD6-494F-0158-E221-12823C92A888): 4
LogDevObjectVersion:   Dev-Niagara (F2AED0AC-9AFE-416F-8664-AA7FFA26D6FC): 1
LogStreaming: Display: Took  0.000s to delete old logs.
LogInit: Presizing for max 8388607 objects, including 0 objects not considered by GC, pre-allocating 0 bytes for permanent pool.
LogInit: Object subsystem initialized
LogConfig: Setting CVar [[con.DebugEarlyDefault:1]]
LogConfig: Setting CVar [[r.setres:1280x720]]
[2020.03.18-12.13.02:408][  0]LogConfig: Setting CVar [[r.VSync:0]]
[2020.03.18-12.13.02:408][  0]LogConfig: Setting CVar [[r.RHICmdBypass:0]]
[2020.03.18-12.13.02:408][  0]LogConfig: Applying CVar settings from Section [/Script/Engine.RendererSettings] File [G:/4.21练习/Git练习/Saved/Config/Windows/Engine.ini]
[2020.03.18-12.13.02:408][  0]LogConfig: Setting CVar [[r.GPUCrashDebugging:0]]
[2020.03.18-12.13.02:408][  0]LogConfig: Applying CVar settings from Section [/Script/Engine.RendererOverrideSettings] File [G:/4.21练习/Git练习/Saved/Config/Windows/Engine.ini]
[2020.03.18-12.13.02:408][  0]LogConfig: Applying CVar settings from Section [/Script/Engine.StreamingSettings] File [G:/4.21练习/Git练习/Saved/Config/Windows/Engine.ini]
[2020.03.18-12.13.02:408][  0]LogConfig: Setting CVar [[s.MinBulkDataSizeForAsyncLoading:131072]]
[2020.03.18-12.13.02:408][  0]LogConfig: Setting CVar [[s.AsyncLoadingThreadEnabled:0]]
[2020.03.18-12.13.02:408][  0]LogConfig: Setting CVar [[s.EventDrivenLoaderEnabled:1]]
[2020.03.18-12.13.02:408][  0]LogConfig: Setting CVar [[s.WarnIfTimeLimitExceeded:0]]
[2020.03.18-12.13.02:408][  0]LogConfig: Setting CVar [[s.TimeLimitExceededMultiplier:1.5]]
[2020.03.18-12.13.02:408][  0]LogConfig: Setting CVar [[s.TimeLimitExceededMinTime:0.005]]
[2020.03.18-12.13.02:408][  0]LogConfig: Setting CVar [[s.UseBackgroundLevelStreaming:1]]
[2020.03.18-12.13.02:408][  0]LogConfig: Setting CVar [[s.PriorityAsyncLoadingExtraTime:15.0]]
[2020.03.18-12.13.02:408][  0]LogConfig: Setting CVar [[s.LevelStreamingActorsUpdateTimeLimit:5.0]]
[2020.03.18-12.13.02:408][  0]LogConfig: Setting CVar [[s.PriorityLevelStreamingActorsUpdateExtraTime:5.0]]
[2020.03.18-12.13.02:408][  0]LogConfig: Setting CVar [[s.LevelStreamingComponentsRegistrationGranularity:10]]
[2020.03.18-12.13.02:408][  0]LogConfig: Setting CVar [[s.UnregisterComponentsTimeLimit:1.0]]
[2020.03.18-12.13.02:408][  0]LogConfig: Setting CVar [[s.LevelStreamingComponentsUnregistrationGranularity:5]]
[2020.03.18-12.13.02:408][  0]LogConfig: Applying CVar settings from Section [/Script/Engine.GarbageCollectionSettings] File [G:/4.21练习/Git练习/Saved/Config/Windows/Engine.ini]
[2020.03.18-12.13.02:408][  0]LogConfig: Setting CVar [[gc.MaxObjectsNotConsideredByGC:1]]
[2020.03.18-12.13.02:408][  0]LogConfig: Setting CVar [[gc.SizeOfPermanentObjectPool:0]]
[2020.03.18-12.13.02:408][  0]LogConfig: Setting CVar [[gc.FlushStreamingOnGC:0]]
[2020.03.18-12.13.02:408][  0]LogConfig: Setting CVar [[gc.NumRetriesBeforeForcingGC:10]]
[2020.03.18-12.13.02:408][  0]LogConfig: Setting CVar [[gc.AllowParallelGC:1]]
[2020.03.18-12.13.02:408][  0]LogConfig: Setting CVar [[gc.TimeBetweenPurgingPendingKillObjects:61.1]]
[2020.03.18-12.13.02:408][  0]LogConfig: Setting CVar [[gc.MaxObjectsInEditor:8388607]]
[2020.03.18-12.13.02:408][  0]LogConfig: Setting CVar [[gc.IncrementalBeginDestroyEnabled:1]]
[2020.03.18-12.13.02:408][  0]LogConfig: Setting CVar [[gc.CreateGCClusters:1]]
[2020.03.18-12.13.02:408][  0]LogConfig: Setting CVar [[gc.MergeGCClusters:0]]
[2020.03.18-12.13.02:408][  0]LogConfig: Setting CVar [[gc.MinGCClusterSize:5]]
[2020.03.18-12.13.02:408][  0]LogConfig: Setting CVar [[gc.ActorClusteringEnabled:0]]
[2020.03.18-12.13.02:408][  0]LogConfig: Setting CVar [[gc.BlueprintClusteringEnabled:0]]
[2020.03.18-12.13.02:408][  0]LogConfig: Setting CVar [[gc.UseDisregardForGCOnDedicatedServers:0]]
[2020.03.18-12.13.02:409][  0]LogConfig: Applying CVar settings from Section [/Script/Engine.NetworkSettings] File [G:/4.21练习/Git练习/Saved/Config/Windows/Engine.ini]
[2020.03.18-12.13.02:409][  0]LogConfig: Applying CVar settings from Section [/Script/UnrealEd.CookerSettings] File [G:/4.21练习/Git练习/Saved/Config/Windows/Engine.ini]
[2020.03.18-12.13.02:413][  0]LogConfig: Applying CVar settings from Section [ViewDistanceQuality@3] File [G:/4.21练习/Git练习/Saved/Config/Windows/Scalability.ini]
[2020.03.18-12.13.02:413][  0]LogConfig: Setting CVar [[r.SkeletalMeshLODBias:0]]
[2020.03.18-12.13.02:413][  0]LogConfig: Setting CVar [[r.ViewDistanceScale:1.0]]
[2020.03.18-12.13.02:413][  0]LogConfig: Applying CVar settings from Section [AntiAliasingQuality@3] File [G:/4.21练习/Git练习/Saved/Config/Windows/Scalability.ini]
[2020.03.18-12.13.02:413][  0]LogConfig: Setting CVar [[r.PostProcessAAQuality:4]]
[2020.03.18-12.13.02:413][  0]LogConfig: Applying CVar settings from Section [ShadowQuality@3] File [G:/4.21练习/Git练习/Saved/Config/Windows/Scalability.ini]
[2020.03.18-12.13.02:413][  0]LogConfig: Setting CVar [[r.LightFunctionQuality:1]]
[2020.03.18-12.13.02:413][  0]LogConfig: Setting CVar [[r.ShadowQuality:5]]
[2020.03.18-12.13.02:413][  0]LogConfig: Setting CVar [[r.Shadow.CSM.MaxCascades:10]]
[2020.03.18-12.13.02:413][  0]LogConfig: Setting CVar [[r.Shadow.MaxResolution:2048]]
[2020.03.18-12.13.02:413][  0]LogConfig: Setting CVar [[r.Shadow.MaxCSMResolution:2048]]
[2020.03.18-12.13.02:413][  0]LogConfig: Setting CVar [[r.Shadow.RadiusThreshold:0.01]]
[2020.03.18-12.13.02:413][  0]LogConfig: Setting CVar [[r.Shadow.DistanceScale:1.0]]
[2020.03.18-12.13.02:413][  0]LogConfig: Setting CVar [[r.Shadow.CSM.TransitionScale:1.0]]
[2020.03.18-12.13.02:413][  0]LogConfig: Setting CVar [[r.Shadow.PreShadowResolutionFactor:1.0]]
[2020.03.18-12.13.02:413][  0]LogConfig: Setting CVar [[r.DistanceFieldShadowing:1]]
[2020.03.18-12.13.02:413][  0]LogConfig: Setting CVar [[r.DistanceFieldAO:1]]
[2020.03.18-12.13.02:413][  0]LogConfig: Setting CVar [[r.AOQuality:2]]
[2020.03.18-12.13.02:413][  0]LogConfig: Setting CVar [[r.VolumetricFog:1]]
[2020.03.18-12.13.02:413][  0]LogConfig: Setting CVar [[r.VolumetricFog.GridPixelSize:8]]
[2020.03.18-12.13.02:413][  0]LogConfig: Setting CVar [[r.VolumetricFog.GridSizeZ:128]]
[2020.03.18-12.13.02:413][  0]LogConfig: Setting CVar [[r.VolumetricFog.HistoryMissSupersampleCount:4]]
[2020.03.18-12.13.02:413][  0]LogConfig: Setting CVar [[r.LightMaxDrawDistanceScale:1]]
[2020.03.18-12.13.02:414][  0]LogConfig: Setting CVar [[r.CapsuleShadows:1]]
[2020.03.18-12.13.02:414][  0]LogConfig: Applying CVar settings from Section [PostProcessQuality@3] File [G:/4.21练习/Git练习/Saved/Config/Windows/Scalability.ini]
[2020.03.18-12.13.02:414][  0]LogConfig: Setting CVar [[r.MotionBlurQuality:4]]
[2020.03.18-12.13.02:414][  0]LogConfig: Setting CVar [[r.AmbientOcclusionMipLevelFactor:0.4]]
[2020.03.18-12.13.02:414][  0]LogConfig: Setting CVar [[r.AmbientOcclusionMaxQuality:100]]
[2020.03.18-12.13.02:414][  0]LogConfig: Setting CVar [[r.AmbientOcclusionLevels:-1]]
[2020.03.18-12.13.02:414][  0]LogConfig: Setting CVar [[r.AmbientOcclusionRadiusScale:1.0]]
[2020.03.18-12.13.02:414][  0]LogConfig: Setting CVar [[r.DepthOfFieldQuality:2]]
[2020.03.18-12.13.02:414][  0]LogConfig: Setting CVar [[r.RenderTargetPoolMin:400]]
[2020.03.18-12.13.02:414][  0]LogConfig: Setting CVar [[r.LensFlareQuality:2]]
[2020.03.18-12.13.02:414][  0]LogConfig: Setting CVar [[r.SceneColorFringeQuality:1]]
[2020.03.18-12.13.02:414][  0]LogConfig: Setting CVar [[r.EyeAdaptationQuality:2]]
[2020.03.18-12.13.02:414][  0]LogConfig: Setting CVar [[r.BloomQuality:5]]
[2020.03.18-12.13.02:414][  0]LogConfig: Setting CVar [[r.FastBlurThreshold:100]]
[2020.03.18-12.13.02:414][  0]LogConfig: Setting CVar [[r.Upscale.Quality:3]]
[2020.03.18-12.13.02:414][  0]LogConfig: Setting CVar [[r.Tonemapper.GrainQuantization:1]]
[2020.03.18-12.13.02:414][  0]LogConfig: Setting CVar [[r.LightShaftQuality:1]]
[2020.03.18-12.13.02:414][  0]LogConfig: Setting CVar [[r.Filter.SizeScale:1]]
[2020.03.18-12.13.02:414][  0]LogConfig: Setting CVar [[r.Tonemapper.Quality:5]]
[2020.03.18-12.13.02:414][  0]LogConfig: Setting CVar [[r.DOF.Gather.AccumulatorQuality:1        ; higher gathering accumulator quality]]
[2020.03.18-12.13.02:414][  0]LogConfig: Setting CVar [[r.DOF.Gather.PostfilterMethod:1          ; Median3x3 postfilering method]]
[2020.03.18-12.13.02:414][  0]LogConfig: Setting CVar [[r.DOF.Gather.EnableBokehSettings:0       ; no bokeh simulation when gathering]]
[2020.03.18-12.13.02:414][  0]LogConfig: Setting CVar [[r.DOF.Gather.RingCount:4                 ; medium number of samples when gathering]]
[2020.03.18-12.13.02:414][  0]LogConfig: Setting CVar [[r.DOF.Scatter.ForegroundCompositing:1    ; additive foreground scattering]]
[2020.03.18-12.13.02:414][  0]LogConfig: Setting CVar [[r.DOF.Scatter.BackgroundCompositing:2    ; additive background scattering]]
[2020.03.18-12.13.02:414][  0]LogConfig: Setting CVar [[r.DOF.Scatter.EnableBokehSettings:1      ; bokeh simulation when scattering]]
[2020.03.18-12.13.02:414][  0]LogConfig: Setting CVar [[r.DOF.Scatter.MaxSpriteRatio:0.1         ; only a maximum of 10% of scattered bokeh]]
[2020.03.18-12.13.02:414][  0]LogConfig: Setting CVar [[r.DOF.Recombine.Quality:1                ; cheap slight out of focus]]
[2020.03.18-12.13.02:414][  0]LogConfig: Setting CVar [[r.DOF.Recombine.EnableBokehSettings:0    ; no bokeh simulation on slight out of focus]]
[2020.03.18-12.13.02:414][  0]LogConfig: Setting CVar [[r.DOF.TemporalAAQuality:1                ; more stable temporal accumulation]]
[2020.03.18-12.13.02:414][  0]LogConfig: Setting CVar [[r.DOF.Kernel.MaxForegroundRadius:0.025]]
[2020.03.18-12.13.02:414][  0]LogConfig: Setting CVar [[r.DOF.Kernel.MaxBackgroundRadius:0.025]]
[2020.03.18-12.13.02:414][  0]LogConfig: Applying CVar settings from Section [TextureQuality@3] File [G:/4.21练习/Git练习/Saved/Config/Windows/Scalability.ini]
[2020.03.18-12.13.02:414][  0]LogConfig: Setting CVar [[r.Streaming.MipBias:0]]
[2020.03.18-12.13.02:414][  0]LogConfig: Setting CVar [[r.Streaming.AmortizeCPUToGPUCopy:0]]
[2020.03.18-12.13.02:414][  0]LogConfig: Setting CVar [[r.Streaming.MaxNumTexturesToStreamPerFrame:0]]
[2020.03.18-12.13.02:414][  0]LogConfig: Setting CVar [[r.Streaming.Boost:1]]
[2020.03.18-12.13.02:414][  0]LogConfig: Setting CVar [[r.MaxAnisotropy:8]]
[2020.03.18-12.13.02:414][  0]LogConfig: Setting CVar [[r.Streaming.LimitPoolSizeToVRAM:0]]
[2020.03.18-12.13.02:414][  0]LogConfig: Setting CVar [[r.Streaming.PoolSize:1000]]
[2020.03.18-12.13.02:414][  0]LogConfig: Setting CVar [[r.Streaming.MaxEffectiveScreenSize:0]]
[2020.03.18-12.13.02:414][  0]LogConfig: Applying CVar settings from Section [EffectsQuality@3] File [G:/4.21练习/Git练习/Saved/Config/Windows/Scalability.ini]
[2020.03.18-12.13.02:414][  0]LogConfig: Setting CVar [[r.TranslucencyLightingVolumeDim:64]]
[2020.03.18-12.13.02:414][  0]LogConfig: Setting CVar [[r.RefractionQuality:2]]
[2020.03.18-12.13.02:414][  0]LogConfig: Setting CVar [[r.SSR.Quality:3]]
[2020.03.18-12.13.02:414][  0]LogConfig: Setting CVar [[r.SceneColorFormat:4]]
[2020.03.18-12.13.02:414][  0]LogConfig: Setting CVar [[r.DetailMode:2]]
[2020.03.18-12.13.02:414][  0]LogConfig: Setting CVar [[r.TranslucencyVolumeBlur:1]]
[2020.03.18-12.13.02:414][  0]LogConfig: Setting CVar [[r.MaterialQualityLevel:1 ; High quality]]
[2020.03.18-12.13.02:414][  0]LogConfig: Setting CVar [[r.SSS.Scale:1]]
[2020.03.18-12.13.02:414][  0]LogConfig: Setting CVar [[r.SSS.SampleSet:2]]
[2020.03.18-12.13.02:414][  0]LogConfig: Setting CVar [[r.SSS.Quality:1]]
[2020.03.18-12.13.02:414][  0]LogConfig: Setting CVar [[r.SSS.HalfRes:1]]
[2020.03.18-12.13.02:414][  0]LogConfig: Setting CVar [[r.EmitterSpawnRateScale:1.0]]
[2020.03.18-12.13.02:414][  0]LogConfig: Setting CVar [[r.ParticleLightQuality:2]]
[2020.03.18-12.13.02:414][  0]LogConfig: Applying CVar settings from Section [FoliageQuality@3] File [G:/4.21练习/Git练习/Saved/Config/Windows/Scalability.ini]
[2020.03.18-12.13.02:414][  0]LogConfig: Setting CVar [[foliage.DensityScale:1.0]]
[2020.03.18-12.13.02:414][  0]LogConfig: Setting CVar [[grass.DensityScale:1.0]]
[2020.03.18-12.13.02:414][  0]LogInit: Selected Device Profile: [Windows]
[2020.03.18-12.13.02:414][  0]LogInit: Applying CVar settings loaded from the selected device profile: [Windows]
[2020.03.18-12.13.02:430][  0]LogHAL: Display: Platform has ~ 16 GB [17015918592 / 17179869184 / 16], which maps to Larger [LargestMinGB=32, LargerMinGB=12, DefaultMinGB=8, SmallerMinGB=6, SmallestMinGB=0)
[2020.03.18-12.13.02:430][  0]LogConfig: Setting CVar [[r.Vulkan.UseRealUBs:1]]
[2020.03.18-12.13.02:430][  0]LogInit: Going up to parent DeviceProfile []
[2020.03.18-12.13.02:430][  0]LogConfig: Applying CVar settings from Section [ViewDistanceQuality@3] File [G:/4.21练习/Git练习/Saved/Config/Windows/Scalability.ini]
[2020.03.18-12.13.02:430][  0]LogConfig: Setting CVar [[r.SkeletalMeshLODBias:0]]
[2020.03.18-12.13.02:430][  0]LogConfig: Setting CVar [[r.ViewDistanceScale:1.0]]
[2020.03.18-12.13.02:430][  0]LogConfig: Applying CVar settings from Section [AntiAliasingQuality@3] File [G:/4.21练习/Git练习/Saved/Config/Windows/Scalability.ini]
[2020.03.18-12.13.02:430][  0]LogConfig: Setting CVar [[r.PostProcessAAQuality:4]]
[2020.03.18-12.13.02:430][  0]LogConfig: Applying CVar settings from Section [ShadowQuality@3] File [G:/4.21练习/Git练习/Saved/Config/Windows/Scalability.ini]
[2020.03.18-12.13.02:430][  0]LogConfig: Setting CVar [[r.LightFunctionQuality:1]]
[2020.03.18-12.13.02:430][  0]LogConfig: Setting CVar [[r.ShadowQuality:5]]
[2020.03.18-12.13.02:430][  0]LogConfig: Setting CVar [[r.Shadow.CSM.MaxCascades:10]]
[2020.03.18-12.13.02:430][  0]LogConfig: Setting CVar [[r.Shadow.MaxResolution:2048]]
[2020.03.18-12.13.02:430][  0]LogConfig: Setting CVar [[r.Shadow.MaxCSMResolution:2048]]
[2020.03.18-12.13.02:430][  0]LogConfig: Setting CVar [[r.Shadow.RadiusThreshold:0.01]]
[2020.03.18-12.13.02:430][  0]LogConfig: Setting CVar [[r.Shadow.DistanceScale:1.0]]
[2020.03.18-12.13.02:431][  0]LogConfig: Setting CVar [[r.Shadow.CSM.TransitionScale:1.0]]
[2020.03.18-12.13.02:431][  0]LogConfig: Setting CVar [[r.Shadow.PreShadowResolutionFactor:1.0]]
[2020.03.18-12.13.02:431][  0]LogConfig: Setting CVar [[r.DistanceFieldShadowing:1]]
[2020.03.18-12.13.02:431][  0]LogConfig: Setting CVar [[r.DistanceFieldAO:1]]
[2020.03.18-12.13.02:431][  0]LogConfig: Setting CVar [[r.AOQuality:2]]
[2020.03.18-12.13.02:431][  0]LogConfig: Setting CVar [[r.VolumetricFog:1]]
[2020.03.18-12.13.02:431][  0]LogConfig: Setting CVar [[r.VolumetricFog.GridPixelSize:8]]
[2020.03.18-12.13.02:431][  0]LogConfig: Setting CVar [[r.VolumetricFog.GridSizeZ:128]]
[2020.03.18-12.13.02:431][  0]LogConfig: Setting CVar [[r.VolumetricFog.HistoryMissSupersampleCount:4]]
[2020.03.18-12.13.02:431][  0]LogConfig: Setting CVar [[r.LightMaxDrawDistanceScale:1]]
[2020.03.18-12.13.02:431][  0]LogConfig: Setting CVar [[r.CapsuleShadows:1]]
[2020.03.18-12.13.02:431][  0]LogConfig: Applying CVar settings from Section [PostProcessQuality@3] File [G:/4.21练习/Git练习/Saved/Config/Windows/Scalability.ini]
[2020.03.18-12.13.02:431][  0]LogConfig: Setting CVar [[r.MotionBlurQuality:4]]
[2020.03.18-12.13.02:431][  0]LogConfig: Setting CVar [[r.AmbientOcclusionMipLevelFactor:0.4]]
[2020.03.18-12.13.02:431][  0]LogConfig: Setting CVar [[r.AmbientOcclusionMaxQuality:100]]
[2020.03.18-12.13.02:431][  0]LogConfig: Setting CVar [[r.AmbientOcclusionLevels:-1]]
[2020.03.18-12.13.02:431][  0]LogConfig: Setting CVar [[r.AmbientOcclusionRadiusScale:1.0]]
[2020.03.18-12.13.02:431][  0]LogConfig: Setting CVar [[r.DepthOfFieldQuality:2]]
[2020.03.18-12.13.02:431][  0]LogConfig: Setting CVar [[r.RenderTargetPoolMin:400]]
[2020.03.18-12.13.02:431][  0]LogConfig: Setting CVar [[r.LensFlareQuality:2]]
[2020.03.18-12.13.02:431][  0]LogConfig: Setting CVar [[r.SceneColorFringeQuality:1]]
[2020.03.18-12.13.02:431][  0]LogConfig: Setting CVar [[r.EyeAdaptationQuality:2]]
[2020.03.18-12.13.02:431][  0]LogConfig: Setting CVar [[r.BloomQuality:5]]
[2020.03.18-12.13.02:431][  0]LogConfig: Setting CVar [[r.FastBlurThreshold:100]]
[2020.03.18-12.13.02:431][  0]LogConfig: Setting CVar [[r.Upscale.Quality:3]]
[2020.03.18-12.13.02:431][  0]LogConfig: Setting CVar [[r.Tonemapper.GrainQuantization:1]]
[2020.03.18-12.13.02:431][  0]LogConfig: Setting CVar [[r.LightShaftQuality:1]]
[2020.03.18-12.13.02:431][  0]LogConfig: Setting CVar [[r.Filter.SizeScale:1]]
[2020.03.18-12.13.02:431][  0]LogConfig: Setting CVar [[r.Tonemapper.Quality:5]]
[2020.03.18-12.13.02:431][  0]LogConfig: Setting CVar [[r.DOF.Gather.AccumulatorQuality:1        ; higher gathering accumulator quality]]
[2020.03.18-12.13.02:431][  0]LogConfig: Setting CVar [[r.DOF.Gather.PostfilterMethod:1          ; Median3x3 postfilering method]]
[2020.03.18-12.13.02:431][  0]LogConfig: Setting CVar [[r.DOF.Gather.EnableBokehSettings:0       ; no bokeh simulation when gathering]]
[2020.03.18-12.13.02:431][  0]LogConfig: Setting CVar [[r.DOF.Gather.RingCount:4                 ; medium number of samples when gathering]]
[2020.03.18-12.13.02:431][  0]LogConfig: Setting CVar [[r.DOF.Scatter.ForegroundCompositing:1    ; additive foreground scattering]]
[2020.03.18-12.13.02:431][  0]LogConfig: Setting CVar [[r.DOF.Scatter.BackgroundCompositing:2    ; additive background scattering]]
[2020.03.18-12.13.02:431][  0]LogConfig: Setting CVar [[r.DOF.Scatter.EnableBokehSettings:1      ; bokeh simulation when scattering]]
[2020.03.18-12.13.02:431][  0]LogConfig: Setting CVar [[r.DOF.Scatter.MaxSpriteRatio:0.1         ; only a maximum of 10% of scattered bokeh]]
[2020.03.18-12.13.02:431][  0]LogConfig: Setting CVar [[r.DOF.Recombine.Quality:1                ; cheap slight out of focus]]
[2020.03.18-12.13.02:431][  0]LogConfig: Setting CVar [[r.DOF.Recombine.EnableBokehSettings:0    ; no bokeh simulation on slight out of focus]]
[2020.03.18-12.13.02:431][  0]LogConfig: Setting CVar [[r.DOF.TemporalAAQuality:1                ; more stable temporal accumulation]]
[2020.03.18-12.13.02:431][  0]LogConfig: Setting CVar [[r.DOF.Kernel.MaxForegroundRadius:0.025]]
[2020.03.18-12.13.02:431][  0]LogConfig: Setting CVar [[r.DOF.Kernel.MaxBackgroundRadius:0.025]]
[2020.03.18-12.13.02:431][  0]LogConfig: Applying CVar settings from Section [TextureQuality@3] File [G:/4.21练习/Git练习/Saved/Config/Windows/Scalability.ini]
[2020.03.18-12.13.02:431][  0]LogConfig: Setting CVar [[r.Streaming.MipBias:0]]
[2020.03.18-12.13.02:431][  0]LogConfig: Setting CVar [[r.Streaming.AmortizeCPUToGPUCopy:0]]
[2020.03.18-12.13.02:431][  0]LogConfig: Setting CVar [[r.Streaming.MaxNumTexturesToStreamPerFrame:0]]
[2020.03.18-12.13.02:431][  0]LogConfig: Setting CVar [[r.Streaming.Boost:1]]
[2020.03.18-12.13.02:431][  0]LogConfig: Setting CVar [[r.MaxAnisotropy:8]]
[2020.03.18-12.13.02:431][  0]LogConfig: Setting CVar [[r.Streaming.LimitPoolSizeToVRAM:0]]
[2020.03.18-12.13.02:431][  0]LogConfig: Setting CVar [[r.Streaming.PoolSize:1000]]
[2020.03.18-12.13.02:431][  0]LogConfig: Setting CVar [[r.Streaming.MaxEffectiveScreenSize:0]]
[2020.03.18-12.13.02:431][  0]LogConfig: Applying CVar settings from Section [EffectsQuality@3] File [G:/4.21练习/Git练习/Saved/Config/Windows/Scalability.ini]
[2020.03.18-12.13.02:431][  0]LogConfig: Setting CVar [[r.TranslucencyLightingVolumeDim:64]]
[2020.03.18-12.13.02:431][  0]LogConfig: Setting CVar [[r.RefractionQuality:2]]
[2020.03.18-12.13.02:431][  0]LogConfig: Setting CVar [[r.SSR.Quality:3]]
[2020.03.18-12.13.02:431][  0]LogConfig: Setting CVar [[r.SceneColorFormat:4]]
[2020.03.18-12.13.02:431][  0]LogConfig: Setting CVar [[r.DetailMode:2]]
[2020.03.18-12.13.02:431][  0]LogConfig: Setting CVar [[r.TranslucencyVolumeBlur:1]]
[2020.03.18-12.13.02:431][  0]LogConfig: Setting CVar [[r.MaterialQualityLevel:1 ; High quality]]
[2020.03.18-12.13.02:431][  0]LogConfig: Setting CVar [[r.SSS.Scale:1]]
[2020.03.18-12.13.02:431][  0]LogConfig: Setting CVar [[r.SSS.SampleSet:2]]
[2020.03.18-12.13.02:431][  0]LogConfig: Setting CVar [[r.SSS.Quality:1]]
[2020.03.18-12.13.02:431][  0]LogConfig: Setting CVar [[r.SSS.HalfRes:1]]
[2020.03.18-12.13.02:431][  0]LogConfig: Setting CVar [[r.EmitterSpawnRateScale:1.0]]
[2020.03.18-12.13.02:431][  0]LogConfig: Setting CVar [[r.ParticleLightQuality:2]]
[2020.03.18-12.13.02:431][  0]LogConfig: Applying CVar settings from Section [FoliageQuality@3] File [G:/4.21练习/Git练习/Saved/Config/Windows/Scalability.ini]
[2020.03.18-12.13.02:431][  0]LogConfig: Setting CVar [[foliage.DensityScale:1.0]]
[2020.03.18-12.13.02:431][  0]LogConfig: Setting CVar [[grass.DensityScale:1.0]]
[2020.03.18-12.13.02:431][  0]LogConfig: Applying CVar settings from Section [Startup] File [../../../Engine/Config/ConsoleVariables.ini]
[2020.03.18-12.13.02:446][  0]LogConfig: Setting CVar [[net.UseAdaptiveNetUpdateFrequency:0]]
[2020.03.18-12.13.02:446][  0]LogConfig: Applying CVar settings from Section [ConsoleVariables] File [G:/4.21练习/Git练习/Saved/Config/Windows/Engine.ini]
[2020.03.18-12.13.02:446][  0]LogInit: Computer: DESKTOP-6NSI2TU
[2020.03.18-12.13.02:446][  0]LogInit: User: 47681
[2020.03.18-12.13.02:446][  0]LogInit: CPU Page size=4096, Cores=6
[2020.03.18-12.13.02:446][  0]LogInit: High frequency timer resolution =10.000000 MHz
[2020.03.18-12.13.02:447][  0]LogMemory: Memory total: Physical=15.8GB (16GB approx)
[2020.03.18-12.13.02:447][  0]LogMemory: Platform Memory Stats for Windows
[2020.03.18-12.13.02:447][  0]LogMemory: Process Physical Memory: 104.72 MB used, 104.73 MB peak
[2020.03.18-12.13.02:447][  0]LogMemory: Process Virtual Memory: 94.25 MB used, 94.25 MB peak
[2020.03.18-12.13.02:447][  0]LogMemory: Physical Memory: 14891.37 MB used,  1336.28 MB free, 16227.64 MB total
[2020.03.18-12.13.02:447][  0]LogMemory: Virtual Memory: 4670.23 MB used,  134213056.00 MB free, 134217728.00 MB total
[2020.03.18-12.13.02:674][  0]LogInit: Using OS detected language (zh-CN).
[2020.03.18-12.13.02:674][  0]LogInit: Using OS detected locale (zh-CN).
[2020.03.18-12.13.03:198][  0]LogStreaming: Display: Took  0.525s to InitEngineTextLocalization.
[2020.03.18-12.13.03:198][  0]LogInit: Setting process to per monitor DPI aware
[2020.03.18-12.13.03:330][  0]LogSlate: New Slate User Created.  User Index 0, Is Virtual User: 0
[2020.03.18-12.13.03:331][  0]LogSlate: Slate User Registered.  User Index 0, Is Virtual User: 0
[2020.03.18-12.13.04:005][  0]LogHMD: Failed to initialize OpenVR with code 110
[2020.03.18-12.13.04:006][  0]LogD3D11RHI: D3D11 adapters:
[2020.03.18-12.13.04:021][  0]LogD3D11RHI:    0. 'Intel(R) UHD Graphics 630' (Feature Level 11_0)
[2020.03.18-12.13.04:021][  0]LogD3D11RHI:       128/0/8113 MB DedicatedVideo/DedicatedSystem/SharedSystem, Outputs:1, VendorId:0x8086
[2020.03.18-12.13.04:108][  0]LogD3D11RHI:    1. 'NVIDIA GeForce GTX 1060 6GB' (Feature Level 11_0)
[2020.03.18-12.13.04:108][  0]LogD3D11RHI:       6052/0/8113 MB DedicatedVideo/DedicatedSystem/SharedSystem, Outputs:1, VendorId:0x10de
[2020.03.18-12.13.04:112][  0]LogD3D11RHI:    2. 'Microsoft Basic Render Driver' (Feature Level 11_0)
[2020.03.18-12.13.04:112][  0]LogD3D11RHI:       0/0/8113 MB DedicatedVideo/DedicatedSystem/SharedSystem, Outputs:0, VendorId:0x1414
[2020.03.18-12.13.04:112][  0]LogD3D11RHI: Chosen D3D11 Adapter: 1
[2020.03.18-12.13.04:395][  0]LogD3D11RHI: Creating new Direct3DDevice
[2020.03.18-12.13.04:396][  0]LogD3D11RHI:     GPU DeviceId: 0x1c03 (for the marketing name, search the web for "GPU Device Id")
[2020.03.18-12.13.04:396][  0]LogWindows: EnumDisplayDevices:
[2020.03.18-12.13.04:396][  0]LogWindows:    0. 'Intel(R) UHD Graphics 630' (P:1 D:1)
[2020.03.18-12.13.04:397][  0]LogWindows:    1. 'Intel(R) UHD Graphics 630' (P:0 D:0)
[2020.03.18-12.13.04:398][  0]LogWindows:    2. 'Intel(R) UHD Graphics 630' (P:0 D:0)
[2020.03.18-12.13.04:399][  0]LogWindows:    3. 'NVIDIA GeForce GTX 1060 6GB' (P:0 D:1)
[2020.03.18-12.13.04:400][  0]LogWindows:    4. 'NVIDIA GeForce GTX 1060 6GB' (P:0 D:0)
[2020.03.18-12.13.04:401][  0]LogWindows:    5. 'NVIDIA GeForce GTX 1060 6GB' (P:0 D:0)
[2020.03.18-12.13.04:402][  0]LogWindows:    6. 'NVIDIA GeForce GTX 1060 6GB' (P:0 D:0)
[2020.03.18-12.13.04:403][  0]LogWindows: DebugString: PrimaryIsNotTheChoosenAdapter PrimaryIsNotTheChoosenAdapter PrimaryIsNotTheChoosenAdapter FoundDriverCount:4 
[2020.03.18-12.13.04:403][  0]LogD3D11RHI:     Adapter Name: NVIDIA GeForce GTX 1060 6GB
[2020.03.18-12.13.04:403][  0]LogD3D11RHI:   Driver Version: 391.35 (internal:23.21.13.9135, unified:391.35)
[2020.03.18-12.13.04:403][  0]LogD3D11RHI:      Driver Date: 3-23-2018
[2020.03.18-12.13.04:403][  0]LogRHI: Texture pool is 4236 MB (70% of 6052 MB)
[2020.03.18-12.13.04:438][  0]LogD3D11RHI: Async texture creation enabled
[2020.03.18-12.13.04:457][  0]LogD3D11RHI: GPU Timing Frequency: 1000.000000 (Debug: 2 2)
[2020.03.18-12.13.05:152][  0]LogTemp: Display: Loaded TP AllDesktopTargetPlatform
[2020.03.18-12.13.05:168][  0]LogTemp: Display: Loaded TP MacClientTargetPlatform
[2020.03.18-12.13.05:179][  0]LogTemp: Display: Loaded TP MacNoEditorTargetPlatform
[2020.03.18-12.13.05:192][  0]LogTemp: Display: Loaded TP MacServerTargetPlatform
[2020.03.18-12.13.05:211][  0]LogTemp: Display: Loaded TP MacTargetPlatform
[2020.03.18-12.13.05:237][  0]LogTemp: Display: Loaded TP WindowsClientTargetPlatform
[2020.03.18-12.13.05:248][  0]LogTemp: Display: Loaded TP WindowsNoEditorTargetPlatform
[2020.03.18-12.13.05:260][  0]LogTemp: Display: Loaded TP WindowsServerTargetPlatform
[2020.03.18-12.13.05:266][  0]LogTemp: Display: Loaded TP WindowsTargetPlatform
[2020.03.18-12.13.05:352][  0]LogTemp: Display: Loaded TP AndroidTargetPlatform
[2020.03.18-12.13.05:352][  0]LogTemp: Display: Loaded TP AndroidTargetPlatform
[2020.03.18-12.13.05:352][  0]LogTemp: Display: Loaded TP AndroidTargetPlatform
[2020.03.18-12.13.05:352][  0]LogTemp: Display: Loaded TP AndroidTargetPlatform
[2020.03.18-12.13.05:352][  0]LogTemp: Display: Loaded TP AndroidTargetPlatform
[2020.03.18-12.13.05:352][  0]LogTemp: Display: Loaded TP AndroidTargetPlatform
[2020.03.18-12.13.05:352][  0]LogTemp: Display: Loaded TP AndroidTargetPlatform
[2020.03.18-12.13.05:352][  0]LogTemp: Display: Loaded TP AndroidTargetPlatform
[2020.03.18-12.13.05:352][  0]LogTemp: Display: Loaded TP AndroidTargetPlatform
[2020.03.18-12.13.05:352][  0]LogTemp: Display: Loaded TP AndroidTargetPlatform
[2020.03.18-12.13.05:352][  0]LogTemp: Display: Loaded TP AndroidTargetPlatform
[2020.03.18-12.13.05:352][  0]LogTemp: Display: Loaded TP AndroidTargetPlatform
[2020.03.18-12.13.05:352][  0]LogTemp: Display: Loaded TP AndroidTargetPlatform
[2020.03.18-12.13.05:352][  0]LogTemp: Display: Loaded TP AndroidTargetPlatform
[2020.03.18-12.13.05:352][  0]LogTemp: Display: Loaded TP AndroidTargetPlatform
[2020.03.18-12.13.05:352][  0]LogTemp: Display: Loaded TP AndroidTargetPlatform
[2020.03.18-12.13.05:352][  0]LogTemp: Display: Loaded TP AndroidTargetPlatform
[2020.03.18-12.13.05:352][  0]LogTemp: Display: Loaded TP AndroidTargetPlatform
[2020.03.18-12.13.05:394][  0]LogTemp: Display: Loaded TP HTML5TargetPlatform
[2020.03.18-12.13.05:496][  0]LogTemp: Display: Loaded TP IOSTargetPlatform
[2020.03.18-12.13.05:496][  0]LogTemp: Display: Loaded TP IOSTargetPlatform
[2020.03.18-12.13.05:544][  0]LogTemp: Display: Loaded TP TVOSTargetPlatform
[2020.03.18-12.13.05:544][  0]LogTemp: Display: Loaded TP TVOSTargetPlatform
[2020.03.18-12.13.05:617][  0]LogTemp: Display: Loaded TP LinuxClientTargetPlatform
[2020.03.18-12.13.05:653][  0]LogTemp: Display: Loaded TP LinuxNoEditorTargetPlatform
[2020.03.18-12.13.05:672][  0]LogTemp: Display: Loaded TP LinuxServerTargetPlatform
[2020.03.18-12.13.05:710][  0]LogTemp: Display: Loaded TP LinuxTargetPlatform
[2020.03.18-12.13.05:761][  0]LogTemp: Display: Loaded TP LuminTargetPlatform
[2020.03.18-12.13.05:761][  0]LogTemp: Display: Loaded TP LuminTargetPlatform
[2020.03.18-12.13.05:761][  0]LogTargetPlatformManager: Display: Building Assets For Windows
[2020.03.18-12.13.06:016][  0]LogShaderCompilers: Guid format shader working directory is 29 characters bigger than the processId version (G:/4.21练习/Git练习/Intermediate/Shaders/WorkingDirectory/756900/).
[2020.03.18-12.13.06:016][  0]LogShaderCompilers: Cleaned the shader compiler working directory 'C:/Users/47681/AppData/Local/Temp/UnrealShaderWorkingDir/50A56F27448E1DED604422874797071D/'.
[2020.03.18-12.13.06:026][  0]LogXGEController: Cannot use XGE Controller as Incredibuild is not installed on this machine.
[2020.03.18-12.13.06:026][  0]LogShaderCompilers: Cannot use XGE Shader Compiler as Incredibuild is not installed on this machine.
[2020.03.18-12.13.06:026][  0]LogShaderCompilers: Display: Using Local Shader Compiler.
[2020.03.18-12.13.06:838][  0]LogDerivedDataCache: Display: Max Cache Size: 512 MB
[2020.03.18-12.13.06:927][  0]LogDerivedDataCache: Loaded boot cache 0.09s 71MB C:/Users/47681/AppData/Local/UnrealEngine/4.21/DerivedDataCache/Boot.ddc.
[2020.03.18-12.13.06:927][  0]LogDerivedDataCache: Display: Loaded Boot cache: C:/Users/47681/AppData/Local/UnrealEngine/4.21/DerivedDataCache/Boot.ddc
[2020.03.18-12.13.06:927][  0]LogDerivedDataCache: FDerivedDataBackendGraph:  Pak pak cache file G:/4.21练习/Git练习/DerivedDataCache/DDC.ddp not found, will not use a pak cache.
[2020.03.18-12.13.06:927][  0]LogDerivedDataCache: Unable to find inner node Pak for hierarchical cache Hierarchy.
[2020.03.18-12.13.06:927][  0]LogDerivedDataCache: FDerivedDataBackendGraph:  CompressedPak pak cache file G:/4.21练习/Git练习/DerivedDataCache/Compressed.ddp not found, will not use a pak cache.
[2020.03.18-12.13.06:927][  0]LogDerivedDataCache: Unable to find inner node CompressedPak for hierarchical cache Hierarchy.
[2020.03.18-12.13.06:950][  0]LogDerivedDataCache: Display: Pak cache opened for reading ../../../Engine/DerivedDataCache/Compressed.ddp.
[2020.03.18-12.13.06:951][  0]LogDerivedDataCache: FDerivedDataBackendGraph:  EnterprisePak pak cache file ../../../Enterprise/DerivedDataCache/Compressed.ddp not found, will not use a pak cache.
[2020.03.18-12.13.06:951][  0]LogDerivedDataCache: Unable to find inner node EnterprisePak for hierarchical cache Hierarchy.
[2020.03.18-12.13.06:965][  0]LogDerivedDataCache: Using Local data cache path C:/Users/47681/AppData/Local/UnrealEngine/Common/DerivedDataCache: Writable
[2020.03.18-12.13.06:965][  0]LogDerivedDataCache: Shared data cache path not found in *engine.ini, will not use an Shared cache.
[2020.03.18-12.13.06:965][  0]LogDerivedDataCache: Unable to find inner node Shared for hierarchical cache Hierarchy.
[2020.03.18-12.13.06:993][  0]LogMaterial: Verifying Global Shaders for PCD3D_SM5
[2020.03.18-12.13.06:994][  0]LogSlate: Using FreeType 2.6.0
[2020.03.18-12.13.07:004][  0]LogSlate: SlateFontServices - WITH_FREETYPE: 1, WITH_HARFBUZZ: 1
[2020.03.18-12.13.08:172][  0]LogAssetRegistry: FAssetRegistry took 0.0308 seconds to start up
[2020.03.18-12.13.08:542][  0]LogInit: Selected Device Profile: [Windows]
[2020.03.18-12.13.09:067][  0]LogSimplygon: Simplygon DLL not present - disabling.
[2020.03.18-12.13.09:123][  0]LogMeshReduction: Using SimplygonSwarm for distributed automatic mesh merging
[2020.03.18-12.13.09:123][  0]LogMeshReduction: Using ProxyLODMeshReduction for automatic mesh merging
[2020.03.18-12.13.09:123][  0]LogMeshReduction: Using QuadricMeshReduction for automatic static mesh reduction
[2020.03.18-12.13.09:123][  0]LogMeshReduction: No automatic skeletal mesh reduction module available
[2020.03.18-12.13.09:144][  0]LogNetVersion: Git练习 1.0.0, NetCL: 4541578, EngineNetVer: 5, GameNetVer: 0 (Checksum: 1505557800)
[2020.03.18-12.13.10:472][  0]LogPackageLocalizationCache: Processed 12 localized package path(s) for 4 prioritized culture(s) in 0.186940 seconds
[2020.03.18-12.13.10:477][  0]LogUObjectArray: 39775 objects as part of root set at end of initial load.
[2020.03.18-12.13.10:477][  0]LogUObjectAllocator: 6914664 out of 0 bytes used by permanent object pool.
[2020.03.18-12.13.10:477][  0]LogUObjectArray: CloseDisregardForGC: 0/0 objects in disregard for GC pool
[2020.03.18-12.13.17:304][  0]LogTcpMessaging: Initializing TcpMessaging bridge
[2020.03.18-12.13.17:367][  0]LogUdpMessaging: Initializing bridge on interface 0.0.0.0:0 to multicast group 230.0.0.1:6666.
[2020.03.18-12.13.18:438][  0]SourceControl: 源码管理已禁用
[2020.03.18-12.13.18:438][  0]SourceControl: 源码管理已禁用
[2020.03.18-12.13.18:479][  0]SourceControl: 源码管理已禁用
[2020.03.18-12.13.18:490][  0]SourceControl: 源码管理已禁用
[2020.03.18-12.13.19:095][  0]LogAndroidPermission: UAndroidPermissionCallbackProxy::GetInstance
[2020.03.18-12.13.19:316][  0]LogHoudiniEngine: Starting the Houdini Engine module.
[2020.03.18-12.13.19:331][  0]LogHoudiniEngine: Loaded libHAPIL.dll from Registry path F:/Houdini/bin
[2020.03.18-12.13.19:332][  0]LogLinker: Warning: Asset '../../Plugins/Runtime/HoudiniEngine/Content/houdini_logo.uasset' has been saved with empty engine version. The asset will be loaded but may be incompatible.
[2020.03.18-12.13.19:335][  0]LogLinker: Warning: Asset '../../Plugins/Runtime/HoudiniEngine/Content/houdini_default_material.uasset' has been saved with empty engine version. The asset will be loaded but may be incompatible.
[2020.03.18-12.13.19:340][  0]LogLinker: Warning: Asset '../../Plugins/Runtime/HoudiniEngine/Content/houdini_bgeo_import.uasset' has been saved with empty engine version. The asset will be loaded but may be incompatible.
[2020.03.18-12.13.32:953][  0]LogHoudiniEngine: Successfully intialized the Houdini Engine API module.
[2020.03.18-12.13.33:008][  0]LogOcInput: OculusInput pre-init called
[2020.03.18-12.13.35:089][  0]LogEngine: Initializing Engine...
[2020.03.18-12.13.35:161][  0]LogHMD: Failed to initialize OpenVR with code 110
[2020.03.18-12.13.35:212][  0]LogStats: UGameplayTagsManager::ConstructGameplayTagTree: ImportINI prefixes -  0.000 s
[2020.03.18-12.13.35:212][  0]LogStats: UGameplayTagsManager::ConstructGameplayTagTree: Construct from data asset -  0.000 s
[2020.03.18-12.13.35:213][  0]LogStats: UGameplayTagsManager::ConstructGameplayTagTree: ImportINI -  0.000 s
[2020.03.18-12.13.35:213][  0]LogStats: UGameplayTagsManager::ConstructGameplayTagTree: GameplayTagTreeChangedEvent.Broadcast -  0.000 s
[2020.03.18-12.13.35:695][  0]LogInit: Initializing FReadOnlyCVARCache
[2020.03.18-12.13.36:180][  0]LogAIModule: Creating AISystem for world Untitled
[2020.03.18-12.13.36:379][  0]LogInit: XAudio2 using '扬声器 (Realtek High Definition Audio)' : 2 channels at 48 kHz using 32 bits per sample (channel mask 0x3)
[2020.03.18-12.13.36:438][  0]LogInit: FAudioDevice initialized.
[2020.03.18-12.13.36:439][  0]LogNetVersion: Set ProjectVersion to 1.0.0.0. Version Checksum will be recalculated on next use.
[2020.03.18-12.13.36:508][  0]LogDerivedDataCache: Saved boot cache 0.07s 71MB C:/Users/47681/AppData/Local/UnrealEngine/4.21/DerivedDataCache/Boot.ddc.
[2020.03.18-12.13.36:523][  0]LogInit: Texture streaming: Enabled
[2020.03.18-12.13.36:645][  0]LogEngineSessionManager: EngineSessionManager initialized
[2020.03.18-12.13.36:934][  0]LogInit: Transaction tracking system initialized
[2020.03.18-12.13.37:255][  0]BlueprintLog: New page: 编辑器加载
[2020.03.18-12.13.38:320][  0]LocalizationService: 本地化服务已禁用
[2020.03.18-12.13.40:935][  0]LogFileCache: Scanning file cache for directory 'G:/4.21练习/Git练习/Content/' took 0.01s
[2020.03.18-12.13.40:935][  0]LogCook: Display: Max memory allowance for cook 16384mb min free memory 0mb
[2020.03.18-12.13.40:935][  0]LogCook: Display: Mobile HDR setting 1
[2020.03.18-12.13.40:936][  0]LogGameplayTags: Display: UGameplayTagsManager::DoneAddingNativeTags. DelegateIsBound: 0
[2020.03.18-12.13.40:936][  0]LogStats: UGameplayTagsManager::ConstructGameplayTagTree: ImportINI prefixes -  0.000 s
[2020.03.18-12.13.40:936][  0]LogStats: UGameplayTagsManager::ConstructGameplayTagTree: Construct from data asset -  0.000 s
[2020.03.18-12.13.40:936][  0]LogStats: UGameplayTagsManager::ConstructGameplayTagTree: ImportINI -  0.000 s
[2020.03.18-12.13.40:936][  0]LogStats: UGameplayTagsManager::ConstructGameplayTagTree: GameplayTagTreeChangedEvent.Broadcast -  0.000 s
[2020.03.18-12.13.43:584][  0]LogLinker: Warning: 无法找到文件 '/Game/NecrosUtilityMatPack/materials/wall/masters/m_travertine_rectangular_staggered_Inst'
[2020.03.18-12.13.43:585][  0]LogLinker: Warning: 无法在加载 ../../../Engine/Content/BasicShapes/Plane.uasset 时找到资源 '/Game/NecrosUtilityMatPack/materials/wall/masters/m_travertine_rectangular_staggered_Inst’ 的文件。
[2020.03.18-12.13.43:585][  0]LoadErrors: Error: /Engine/BasicShapes/Plane : 无法找到资源的文件。 /Game/NecrosUtilityMatPack/materials/wall/masters/m_travertine_rectangular_staggered_Inst
[2020.03.18-12.13.43:585][  0]LogLinker: Warning: 无法找到文件 '/Game/NecrosUtilityMatPack/materials/wall/masters/m_travertine_rectangular_staggered_Inst'
[2020.03.18-12.13.43:585][  0]LogLinker: Warning: 无法在加载 ../../../Engine/Content/BasicShapes/Plane.uasset 时找到资源 '/Game/NecrosUtilityMatPack/materials/wall/masters/m_travertine_rectangular_staggered_Inst’ 的文件。
[2020.03.18-12.13.43:585][  0]LoadErrors: Error: /Engine/BasicShapes/Plane : 无法找到资源的文件。 /Game/NecrosUtilityMatPack/materials/wall/masters/m_travertine_rectangular_staggered_Inst
[2020.03.18-12.13.43:585][  0]LogLinker: Warning: 无法找到文件 '/Game/NecrosUtilityMatPack/materials/wall/masters/m_travertine_rectangular_staggered_Inst'
[2020.03.18-12.13.43:605][  0]LoadErrors: 加载失败 /Game/NecrosUtilityMatPack/materials/wall/masters/m_travertine_rectangular_staggered_Inst.m_travertine_rectangular_staggered_Inst 引用者 Plane
[2020.03.18-12.13.43:605][  0]LogLinker: Warning: 无法在加载 NULL 时找到资源 '/Game/NecrosUtilityMatPack/materials/wall/masters/m_travertine_rectangular_staggered_Inst’ 的文件。
[2020.03.18-12.13.43:605][  0]LoadErrors: 加载失败 /Game/NecrosUtilityMatPack/materials/wall/masters/m_travertine_rectangular_staggered_Inst.m_travertine_rectangular_staggered_Inst 引用者 Plane
[2020.03.18-12.13.43:605][  0]LogLinker: Warning: 无法找到文件 '/Game/NecrosUtilityMatPack/materials/wall/masters/m_travertine_rectangular_staggered_Inst'
[2020.03.18-12.13.43:605][  0]LoadErrors: 加载失败 /Game/NecrosUtilityMatPack/materials/wall/masters/m_travertine_rectangular_staggered_Inst.m_travertine_rectangular_staggered_Inst 引用者 Plane
[2020.03.18-12.13.43:605][  0]LogLinker: Warning: 无法在加载 NULL 时找到资源 '/Game/NecrosUtilityMatPack/materials/wall/masters/m_travertine_rectangular_staggered_Inst’ 的文件。
[2020.03.18-12.13.43:605][  0]LoadErrors: 加载失败 /Game/NecrosUtilityMatPack/materials/wall/masters/m_travertine_rectangular_staggered_Inst.m_travertine_rectangular_staggered_Inst 引用者 Plane
[2020.03.18-12.13.44:896][  0]LogHoudiniEngineEditor: Starting the Houdini Engine Editor module.
[2020.03.18-12.13.45:125][  0]LogHoudiniEngineEditor: Houdini Engine Editor module startup complete.
[2020.03.18-12.13.46:685][  0]SourceControl: 源码管理已禁用
[2020.03.18-12.13.46:718][  0]Cmd: MAP LOAD FILE="../../../Engine/Content/Maps/Templates/Template_Default.umap" TEMPLATE=1 SHOWPROGRESS=1 FEATURELEVEL=3
[2020.03.18-12.13.46:764][  0]LightingResults: New page: 光照构建
[2020.03.18-12.13.47:356][  0]MapCheck: New page: 地图检测
[2020.03.18-12.13.47:356][  0]LightingResults: New page: 光照构建
[2020.03.18-12.13.50:394][  0]LogAIModule: Creating AISystem for world Untitled_1
[2020.03.18-12.13.51:076][  0]LogEditorServer: Finished looking for orphan Actors (0.000 secs)
[2020.03.18-12.13.51:327][  0]Cmd: MAP CHECKDEP NOCLEARLOG
[2020.03.18-12.13.51:328][  0]MapCheck: 地图检测完成：0个错误，0 个警告，用时0.513毫秒完成。
[2020.03.18-12.13.51:328][  0]LogFileHelpers: Loading map 'Template_Default' took 4.611
[2020.03.18-12.13.53:913][  0]LogSlate: Updating window title bar state: overlay mode, drag disabled, window buttons hidden, title bar hidden
[2020.03.18-12.13.53:920][  0]LogSlate: Updating window title bar state: overlay mode, drag disabled, window buttons hidden, title bar hidden
[2020.03.18-12.13.53:925][  0]LogSlate: Updating window title bar state: overlay mode, drag disabled, window buttons hidden, title bar hidden
[2020.03.18-12.13.53:931][  0]LogSlate: Updating window title bar state: overlay mode, drag disabled, window buttons hidden, title bar hidden
[2020.03.18-12.13.54:037][  0]LogCollectionManager: Loaded 0 collections in 0.001135 seconds
[2020.03.18-12.13.54:228][  0]LogFileCache: Scanning file cache for directory 'G:/4.21练习/Git练习/Saved/Collections/' took 0.01s
[2020.03.18-12.13.54:228][  0]LogFileCache: Scanning file cache for directory 'G:/4.21练习/Git练习/Content/Developers/47681/Collections/' took 0.01s
[2020.03.18-12.13.54:228][  0]LogFileCache: Scanning file cache for directory 'G:/4.21练习/Git练习/Content/Collections/' took 0.01s
[2020.03.18-12.13.54:228][  0]LogCollectionManager: Rebuilt the GUID cache for 0 collections in 0.000000 seconds
[2020.03.18-12.13.54:238][  0]LogContentBrowser: Native class hierarchy populated in 0.0081 seconds. Added 2689 classes and 627 folders.
[2020.03.18-12.13.54:347][  0]LogContentBrowser: Native class hierarchy updated for 'WidgetCarousel' in 0.0002 seconds. Added 0 classes and 0 folders.
[2020.03.18-12.13.54:417][  0]LogPakFile: Registered encryption key '00000000000000000000000000000000': 0 pak files mounted, 0 remain pending
[2020.03.18-12.13.54:456][  0]LogPakFile: Registered encryption key '00000000000000000000000000000000': 0 pak files mounted, 0 remain pending
[2020.03.18-12.13.54:469][  0]LogPakFile: Registered encryption key '00000000000000000000000000000000': 0 pak files mounted, 0 remain pending
[2020.03.18-12.13.54:503][  0]LogPakFile: Registered encryption key '00000000000000000000000000000000': 0 pak files mounted, 0 remain pending
[2020.03.18-12.13.54:513][  0]LogPakFile: Registered encryption key '00000000000000000000000000000000': 0 pak files mounted, 0 remain pending
[2020.03.18-12.13.54:523][  0]LogPakFile: Registered encryption key '00000000000000000000000000000000': 0 pak files mounted, 0 remain pending
[2020.03.18-12.13.54:532][  0]LogPakFile: Registered encryption key '00000000000000000000000000000000': 0 pak files mounted, 0 remain pending
[2020.03.18-12.13.54:541][  0]LogPakFile: Registered encryption key '00000000000000000000000000000000': 0 pak files mounted, 0 remain pending
[2020.03.18-12.13.54:542][  0]LogPakFile: Registered encryption key '00000000000000000000000000000000': 0 pak files mounted, 0 remain pending
[2020.03.18-12.13.54:550][  0]LogPakFile: Registered encryption key '00000000000000000000000000000000': 0 pak files mounted, 0 remain pending
[2020.03.18-12.13.54:561][  0]LogPakFile: Registered encryption key '00000000000000000000000000000000': 0 pak files mounted, 0 remain pending
[2020.03.18-12.13.54:572][  0]LogPakFile: Registered encryption key '00000000000000000000000000000000': 0 pak files mounted, 0 remain pending
[2020.03.18-12.13.54:584][  0]LogPakFile: Registered encryption key '00000000000000000000000000000000': 0 pak files mounted, 0 remain pending
[2020.03.18-12.13.54:585][  0]LogPakFile: Registered encryption key '00000000000000000000000000000000': 0 pak files mounted, 0 remain pending
[2020.03.18-12.13.54:594][  0]LogPakFile: Registered encryption key '00000000000000000000000000000000': 0 pak files mounted, 0 remain pending
[2020.03.18-12.13.54:609][  0]LogPakFile: Registered encryption key '00000000000000000000000000000000': 0 pak files mounted, 0 remain pending
[2020.03.18-12.13.54:624][  0]LogPakFile: Registered encryption key '00000000000000000000000000000000': 0 pak files mounted, 0 remain pending
[2020.03.18-12.13.54:630][  0]LogPakFile: Registered encryption key '00000000000000000000000000000000': 0 pak files mounted, 0 remain pending
[2020.03.18-12.13.54:639][  0]LogPakFile: Registered encryption key '00000000000000000000000000000000': 0 pak files mounted, 0 remain pending
[2020.03.18-12.13.54:654][  0]LogPakFile: Registered encryption key '00000000000000000000000000000000': 0 pak files mounted, 0 remain pending
[2020.03.18-12.13.54:667][  0]LogPakFile: Registered encryption key '00000000000000000000000000000000': 0 pak files mounted, 0 remain pending
[2020.03.18-12.13.54:678][  0]LogPakFile: Registered encryption key '00000000000000000000000000000000': 0 pak files mounted, 0 remain pending
[2020.03.18-12.13.54:687][  0]LogPakFile: Registered encryption key '00000000000000000000000000000000': 0 pak files mounted, 0 remain pending
[2020.03.18-12.13.54:695][  0]LogPakFile: Registered encryption key '00000000000000000000000000000000': 0 pak files mounted, 0 remain pending
[2020.03.18-12.13.54:701][  0]LogPakFile: Registered encryption key '00000000000000000000000000000000': 0 pak files mounted, 0 remain pending
[2020.03.18-12.13.54:703][  0]LogPakFile: Registered encryption key '00000000000000000000000000000000': 0 pak files mounted, 0 remain pending
[2020.03.18-12.13.55:306][  0]LogContentBrowser: Native class hierarchy updated for 'AddContentDialog' in 0.0002 seconds. Added 0 classes and 0 folders.
[2020.03.18-12.13.55:350][  0]LogContentBrowser: Native class hierarchy updated for 'SceneOutliner' in 0.0003 seconds. Added 1 classes and 2 folders.
[2020.03.18-12.13.56:505][  0]LogSlate: Took 0.037220 seconds to synchronously load lazily loaded font '../../../Engine/Content/Slate/Fonts/Roboto-Regular.ttf' (155K)
[2020.03.18-12.13.56:579][  0]LogSlate: Took 0.073088 seconds to synchronously load lazily loaded font '../../../Engine/Content/Slate/Fonts/DroidSansFallback.ttf' (3848K)
[2020.03.18-12.13.56:654][  0]LogSlate: Took 0.073266 seconds to synchronously load lazily loaded font '../../../Engine/Content/Slate/Fonts/Roboto-Bold.ttf' (160K)
[2020.03.18-12.13.56:760][  0]LogSlate: Took 0.024926 seconds to synchronously load lazily loaded font '../../../Engine/Content/Editor/Slate/Fonts/FontAwesome.ttf' (139K)
[2020.03.18-12.13.57:419][  0]LogRenderer: Reallocating scene render targets to support 1284x172 Format 10 NumSamples 1 (Frame:1).
[2020.03.18-12.13.58:345][  0]LogContentBrowser: Native class hierarchy updated for 'HierarchicalLODOutliner' in 0.0003 seconds. Added 0 classes and 0 folders.
[2020.03.18-12.13.58:345][  0]LogLoad: (Engine Initialization) Total time: 81.68 seconds
[2020.03.18-12.13.58:345][  0]LogLoad: (Engine Initialization) Total Blueprint compile time: 0.00 seconds
[2020.03.18-12.13.58:913][  0]LogEditorViewport: Clicking on Actor (context menu): BP_Sky_Sphere_C (Sky Sphere)
[2020.03.18-12.13.59:569][  0]LogSlate: FSceneViewport::OnFocusLost() reason 2
[2020.03.18-12.13.59:826][  0]LogContentStreaming: Texture pool size now 1000 MB
[2020.03.18-12.14.00:705][  0]LogSlate: Took 0.014247 seconds to synchronously load lazily loaded font '../../../Engine/Content/Slate/Fonts/Roboto-Light.ttf' (167K)
[2020.03.18-12.14.01:843][  2]LogAssetRegistry: Asset discovery search completed in 53.6938 seconds
[2020.03.18-12.14.01:861][  2]LogCollectionManager: Rebuilt the object cache for 0 collections in 0.000000 seconds (found 0 objects)
[2020.03.18-12.14.01:861][  2]LogCollectionManager: Fixed up redirectors for 0 collections in 0.000578 seconds (updated 0 objects)
[2020.03.18-12.14.02:792][ 70]LogSlate: Window '消息日志' being destroyed
[2020.03.18-12.14.02:801][ 70]LogSlate: Window '消息日志' being destroyed
[2020.03.18-12.14.04:366][164]LogD3D11RHI: Timed out while waiting for GPU to catch up. (0.5 s)
[2020.03.18-12.14.04:869][165]LogD3D11RHI: Timed out while waiting for GPU to catch up. (0.5 s)
[2020.03.18-12.14.06:031][257]LogSlate: FSceneViewport::OnFocusLost() reason 0
[2020.03.18-12.14.06:198][271]LogRenderer: Reallocating scene render targets to support 1284x176 Format 10 NumSamples 1 (Frame:251).
[2020.03.18-12.14.06:277][272]LogRenderer: Reallocating scene render targets to support 1284x180 Format 10 NumSamples 1 (Frame:253).
[2020.03.18-12.14.06:338][273]LogRenderer: Reallocating scene render targets to support 1284x204 Format 10 NumSamples 1 (Frame:255).
[2020.03.18-12.14.06:395][274]LogRenderer: Reallocating scene render targets to support 1284x220 Format 10 NumSamples 1 (Frame:257).
[2020.03.18-12.14.06:451][275]LogRenderer: Reallocating scene render targets to support 1284x232 Format 10 NumSamples 1 (Frame:259).
[2020.03.18-12.14.06:493][276]LogRenderer: Reallocating scene render targets to support 1284x256 Format 10 NumSamples 1 (Frame:261).
[2020.03.18-12.14.06:542][277]LogRenderer: Reallocating scene render targets to support 1284x276 Format 10 NumSamples 1 (Frame:263).
[2020.03.18-12.14.06:589][278]LogRenderer: Reallocating scene render targets to support 1284x296 Format 10 NumSamples 1 (Frame:265).
[2020.03.18-12.14.06:638][279]LogRenderer: Reallocating scene render targets to support 1284x316 Format 10 NumSamples 1 (Frame:267).
[2020.03.18-12.14.06:683][280]LogRenderer: Reallocating scene render targets to support 1284x344 Format 10 NumSamples 1 (Frame:269).
[2020.03.18-12.14.06:732][281]LogRenderer: Reallocating scene render targets to support 1284x380 Format 10 NumSamples 1 (Frame:271).
[2020.03.18-12.14.06:783][282]LogRenderer: Reallocating scene render targets to support 1284x412 Format 10 NumSamples 1 (Frame:273).
[2020.03.18-12.14.06:825][283]LogRenderer: Reallocating scene render targets to support 1284x444 Format 10 NumSamples 1 (Frame:275).
[2020.03.18-12.14.06:869][284]LogRenderer: Reallocating scene render targets to support 1284x472 Format 10 NumSamples 1 (Frame:277).
[2020.03.18-12.14.06:916][285]LogRenderer: Reallocating scene render targets to support 1284x496 Format 10 NumSamples 1 (Frame:279).
[2020.03.18-12.14.06:962][286]LogRenderer: Reallocating scene render targets to support 1284x516 Format 10 NumSamples 1 (Frame:281).
[2020.03.18-12.14.07:002][287]LogRenderer: Reallocating scene render targets to support 1284x544 Format 10 NumSamples 1 (Frame:283).
[2020.03.18-12.14.07:066][288]LogRenderer: Reallocating scene render targets to support 1284x560 Format 10 NumSamples 1 (Frame:285).
[2020.03.18-12.14.07:113][289]LogRenderer: Reallocating scene render targets to support 1284x592 Format 10 NumSamples 1 (Frame:287).
[2020.03.18-12.14.07:157][290]LogRenderer: Reallocating scene render targets to support 1284x604 Format 10 NumSamples 1 (Frame:289).
[2020.03.18-12.14.07:200][291]LogRenderer: Reallocating scene render targets to support 1284x612 Format 10 NumSamples 1 (Frame:291).
[2020.03.18-12.14.07:248][292]LogRenderer: Reallocating scene render targets to support 1284x620 Format 10 NumSamples 1 (Frame:293).
[2020.03.18-12.14.07:294][293]LogRenderer: Reallocating scene render targets to support 1284x624 Format 10 NumSamples 1 (Frame:295).
[2020.03.18-12.14.08:324][371]LogEditorViewport: Clicking on Actor (LMB): BP_Sky_Sphere_C (Sky Sphere)
[2020.03.18-12.14.09:304][454]Cmd: SELECT NONE
[2020.03.18-12.14.12:742][694]LogSlate: FSceneViewport::OnFocusLost() reason 0
[2020.03.18-12.14.18:352][973]LogSlate: Window 'Git练习 - 虚幻编辑器' being destroyed
[2020.03.18-12.14.18:368][973]LogWindowsTextInputMethodSystem: Display: IME system now activated using TSF (微软拼音).
[2020.03.18-12.14.18:793][974]Cmd: QUIT_EDITOR
[2020.03.18-12.14.19:302][974]LogExit: Preparing to exit.
[2020.03.18-12.14.20:010][974]LogExit: Editor shut down
[2020.03.18-12.14.20:010][974]LogExit: Transaction tracking system shut down
[2020.03.18-12.14.21:166][974]LogExit: Object subsystem successfully closed.
[2020.03.18-12.14.21:279][974]LogShaderCompilers: Display: Shaders left to compile 0
[2020.03.18-12.14.21:282][974]LogD3D11RHI: Shutdown
[2020.03.18-12.14.21:282][974]LogD3D11RHI: CleanupD3DDevice
[2020.03.18-12.14.21:344][974]LogD3D11RHI: ~FD3D11DynamicRHI
[2020.03.18-12.14.22:263][974]LogModuleManager: Shutting down and abandoning module HierarchicalLODOutliner (628)
[2020.03.18-12.14.22:263][974]LogModuleManager: Shutting down and abandoning module SceneOutliner (626)
[2020.03.18-12.14.22:274][974]LogModuleManager: Shutting down and abandoning module AddContentDialog (624)
[2020.03.18-12.14.22:291][974]LogModuleManager: Shutting down and abandoning module WidgetCarousel (623)
[2020.03.18-12.14.22:291][974]LogModuleManager: Shutting down and abandoning module EditorWidgets (620)
[2020.03.18-12.14.22:291][974]LogModuleManager: Shutting down and abandoning module CollectionManager (618)
[2020.03.18-12.14.22:292][974]LogModuleManager: Shutting down and abandoning module HierarchicalLODUtilities (616)
[2020.03.18-12.14.22:304][974]LogModuleManager: Shutting down and abandoning module StatsViewer (614)
[2020.03.18-12.14.22:313][974]LogModuleManager: Shutting down and abandoning module FoliageEdit (612)
[2020.03.18-12.14.22:314][974]LogModuleManager: Shutting down and abandoning module LandscapeEditor (610)
[2020.03.18-12.14.22:339][974]LogModuleManager: Shutting down and abandoning module MeshPaintMode (608)
[2020.03.18-12.14.22:340][974]LogModuleManager: Shutting down and abandoning module SceneDepthPickerMode (606)
[2020.03.18-12.14.22:340][974]LogModuleManager: Shutting down and abandoning module ActorPickerMode (604)
[2020.03.18-12.14.22:340][974]LogModuleManager: Shutting down and abandoning module GeometryMode (602)
[2020.03.18-12.14.22:340][974]LogModuleManager: Shutting down and abandoning module TextureAlignMode (600)
[2020.03.18-12.14.22:340][974]LogModuleManager: Shutting down and abandoning module BspMode (598)
[2020.03.18-12.14.22:340][974]LogModuleManager: Shutting down and abandoning module PIEPreviewDeviceProfileSelector (596)
[2020.03.18-12.14.22:345][974]LogModuleManager: Shutting down and abandoning module SequenceRecorderSections (594)
[2020.03.18-12.14.22:352][974]LogModuleManager: Shutting down and abandoning module AutomationWorker (592)
[2020.03.18-12.14.22:352][974]LogModuleManager: Shutting down and abandoning module HoudiniEngineEditor (590)
[2020.03.18-12.14.22:352][974]LogHoudiniEngineEditor: Shutting down the Houdini Engine Editor module.
[2020.03.18-12.14.22:352][974]LogHoudiniEngineEditor: Houdini Engine Editor module shutdown complete.
[2020.03.18-12.14.22:352][974]LogModuleManager: Shutting down and abandoning module AudioCaptureEditor (588)
[2020.03.18-12.14.22:352][974]LogModuleManager: Shutting down and abandoning module MatineeToLevelSequence (586)
[2020.03.18-12.14.22:352][974]LogModuleManager: Shutting down and abandoning module LevelSequenceEditor (584)
[2020.03.18-12.14.22:369][974]LogModuleManager: Shutting down and abandoning module PlacementMode (583)
[2020.03.18-12.14.22:369][974]LogModuleManager: Shutting down and abandoning module MaterialEditor (582)
[2020.03.18-12.14.22:381][974]LogModuleManager: Shutting down and abandoning module WmfMediaFactory (578)
[2020.03.18-12.14.22:381][974]LogModuleManager: Shutting down and abandoning module WmfMediaEditor (576)
[2020.03.18-12.14.22:381][974]LogModuleManager: Shutting down and abandoning module WebMMediaFactory (574)
[2020.03.18-12.14.22:381][974]LogModuleManager: Shutting down and abandoning module WebMMediaEditor (572)
[2020.03.18-12.14.22:381][974]LogModuleManager: Shutting down and abandoning module WebMMedia (570)
[2020.03.18-12.14.22:382][974]LogModuleManager: Shutting down and abandoning module MediaPlayerEditor (568)
[2020.03.18-12.14.22:398][974]LogModuleManager: Shutting down and abandoning module MediaCompositingEditor (566)
[2020.03.18-12.14.22:399][974]LogModuleManager: Shutting down and abandoning module SequenceRecorder (565)
[2020.03.18-12.14.22:399][974]LogModuleManager: Shutting down and abandoning module OpenExrWrapper (562)
[2020.03.18-12.14.22:399][974]LogModuleManager: Shutting down and abandoning module ImgMediaFactory (560)
[2020.03.18-12.14.22:399][974]LogModuleManager: Shutting down and abandoning module ImgMediaEditor (558)
[2020.03.18-12.14.22:400][974]LogModuleManager: Shutting down and abandoning module AvfMediaFactory (556)
[2020.03.18-12.14.22:400][974]LogModuleManager: Shutting down and abandoning module AvfMediaEditor (554)
[2020.03.18-12.14.22:400][974]LogModuleManager: Shutting down and abandoning module AndroidMediaFactory (552)
[2020.03.18-12.14.22:400][974]LogModuleManager: Shutting down and abandoning module AndroidMediaEditor (550)
[2020.03.18-12.14.22:400][974]LogModuleManager: Shutting down and abandoning module MagicLeapCameraPreviewFactory (548)
[2020.03.18-12.14.22:400][974]LogModuleManager: Shutting down and abandoning module MagicLeapMediaFactory (546)
[2020.03.18-12.14.22:400][974]LogModuleManager: Shutting down and abandoning module MagicLeapMediaEditor (544)
[2020.03.18-12.14.22:400][974]LogModuleManager: Shutting down and abandoning module CharacterAI (542)
[2020.03.18-12.14.22:400][974]LogModuleManager: Shutting down and abandoning module SmartSnapping (540)
[2020.03.18-12.14.22:400][974]LogModuleManager: Shutting down and abandoning module SessionServices (538)
[2020.03.18-12.14.22:400][974]LogModuleManager: Shutting down and abandoning module ViewportSnapping (536)
[2020.03.18-12.14.22:400][974]LogModuleManager: Shutting down and abandoning module ViewportInteraction (534)
[2020.03.18-12.14.22:400][974]LogModuleManager: Shutting down and abandoning module ClothPainter (532)
[2020.03.18-12.14.22:454][974]LogModuleManager: Shutting down and abandoning module SkeletalMeshEditor (531)
[2020.03.18-12.14.22:455][974]LogModuleManager: Shutting down and abandoning module LogVisualizer (528)
[2020.03.18-12.14.22:463][974]LogModuleManager: Shutting down and abandoning module IntroTutorials (526)
[2020.03.18-12.14.22:490][974]LogModuleManager: Shutting down and abandoning module GameProjectGeneration (525)
[2020.03.18-12.14.22:490][974]LogModuleManager: Shutting down and abandoning module LuminPlatformEditor (522)
[2020.03.18-12.14.22:490][974]LogModuleManager: Shutting down and abandoning module IOSPlatformEditor (520)
[2020.03.18-12.14.22:490][974]LogModuleManager: Shutting down and abandoning module HTML5PlatformEditor (518)
[2020.03.18-12.14.22:490][974]LogModuleManager: Shutting down and abandoning module AndroidPlatformEditor (516)
[2020.03.18-12.14.22:490][974]LogModuleManager: Shutting down and abandoning module AndroidDeviceDetection (515)
[2020.03.18-12.14.22:949][974]LogModuleManager: Shutting down and abandoning module WindowsPlatformEditor (512)
[2020.03.18-12.14.22:949][974]LogModuleManager: Shutting down and abandoning module LuminRuntimeSettings (510)
[2020.03.18-12.14.22:949][974]LogModuleManager: Shutting down and abandoning module IOSRuntimeSettings (508)
[2020.03.18-12.14.22:949][974]LogModuleManager: Shutting down and abandoning module AndroidRuntimeSettings (506)
[2020.03.18-12.14.22:949][974]LogModuleManager: Shutting down and abandoning module TimeManagementEditor (504)
[2020.03.18-12.14.22:949][974]LogModuleManager: Shutting down and abandoning module InputBindingEditor (502)
[2020.03.18-12.14.22:950][974]LogModuleManager: Shutting down and abandoning module MergeActors (500)
[2020.03.18-12.14.22:976][974]LogModuleManager: Shutting down and abandoning module LocalizationDashboard (498)
[2020.03.18-12.14.22:998][974]LogModuleManager: Shutting down and abandoning module LocalizationService (497)
[2020.03.18-12.14.22:999][974]LogModuleManager: Shutting down and abandoning module HardwareTargeting (494)
[2020.03.18-12.14.22:999][974]LogModuleManager: Shutting down and abandoning module DeviceProfileEditor (492)
[2020.03.18-12.14.22:999][974]LogModuleManager: Shutting down and abandoning module UndoHistory (490)
[2020.03.18-12.14.23:000][974]LogModuleManager: Shutting down and abandoning module XmlParser (488)
[2020.03.18-12.14.23:000][974]LogModuleManager: Shutting down and abandoning module Blutility (486)
[2020.03.18-12.14.23:000][974]LogModuleManager: Shutting down and abandoning module ProjectSettingsViewer (484)
[2020.03.18-12.14.23:000][974]LogModuleManager: Shutting down and abandoning module ProjectTargetPlatformEditor (483)
[2020.03.18-12.14.23:000][974]LogModuleManager: Shutting down and abandoning module EditorSettingsViewer (480)
[2020.03.18-12.14.23:000][974]LogModuleManager: Shutting down and abandoning module SettingsEditor (478)
[2020.03.18-12.14.23:021][974]LogModuleManager: Shutting down and abandoning module ProjectLauncher (476)
[2020.03.18-12.14.23:041][974]LogModuleManager: Shutting down and abandoning module SessionFrontend (474)
[2020.03.18-12.14.23:041][974]LogModuleManager: Shutting down and abandoning module ProfilerClient (472)
[2020.03.18-12.14.23:041][974]LogModuleManager: Shutting down and abandoning module DeviceManager (470)
[2020.03.18-12.14.23:047][974]LogModuleManager: Shutting down and abandoning module TargetDeviceServices (469)
[2020.03.18-12.14.23:090][974]LogModuleManager: Shutting down and abandoning module AutomationController (466)
[2020.03.18-12.14.23:112][974]LogModuleManager: Shutting down and abandoning module AutomationWindow (464)
[2020.03.18-12.14.23:129][974]LogModuleManager: Shutting down and abandoning module Layers (462)
[2020.03.18-12.14.23:141][974]LogModuleManager: Shutting down and abandoning module ComponentVisualizers (460)
[2020.03.18-12.14.23:142][974]LogModuleManager: Shutting down and abandoning module DetailCustomizations (458)
[2020.03.18-12.14.23:154][974]LogModuleManager: Shutting down and abandoning module PackagesDialog (456)
[2020.03.18-12.14.23:155][974]LogModuleManager: Shutting down and abandoning module Persona (454)
[2020.03.18-12.14.23:188][974]LogModuleManager: Shutting down and abandoning module AdvancedPreviewScene (453)
[2020.03.18-12.14.23:188][974]LogModuleManager: Shutting down and abandoning module AnimGraph (451)
[2020.03.18-12.14.23:189][974]LogModuleManager: Shutting down and abandoning module Kismet (448)
[2020.03.18-12.14.23:212][974]LogModuleManager: Shutting down and abandoning module GraphEditor (446)
[2020.03.18-12.14.23:246][974]LogModuleManager: Shutting down and abandoning module ClassViewer (444)
[2020.03.18-12.14.23:246][974]LogModuleManager: Shutting down and abandoning module Toolbox (442)
[2020.03.18-12.14.23:246][974]LogModuleManager: Shutting down and abandoning module ModuleUI (440)
[2020.03.18-12.14.23:250][974]LogModuleManager: Shutting down and abandoning module MovieSceneTools (438)
[2020.03.18-12.14.23:250][974]LogModuleManager: Shutting down and abandoning module OutputLog (436)
[2020.03.18-12.14.23:250][974]LogModuleManager: Shutting down and abandoning module GammaUI (434)
[2020.03.18-12.14.23:256][974]LogModuleManager: Shutting down and abandoning module Documentation (432)
[2020.03.18-12.14.23:256][974]LogModuleManager: Shutting down and abandoning module MovieSceneTracks (430)
[2020.03.18-12.14.23:256][974]LogModuleManager: Shutting down and abandoning module MovieScene (428)
[2020.03.18-12.14.23:257][974]LogModuleManager: Shutting down and abandoning module StreamingPauseRendering (426)
[2020.03.18-12.14.23:257][974]LogModuleManager: Shutting down and abandoning module LauncherPlatform (424)
[2020.03.18-12.14.23:257][974]LogModuleManager: Shutting down and abandoning module AnalyticsET (422)
[2020.03.18-12.14.23:257][974]LogModuleManager: Shutting down and abandoning module PortalServices (420)
[2020.03.18-12.14.23:257][974]LogModuleManager: Shutting down and abandoning module PortalRpc (418)
[2020.03.18-12.14.23:257][974]LogModuleManager: Shutting down and abandoning module MessagingRpc (416)
[2020.03.18-12.14.23:257][974]LogModuleManager: Shutting down and abandoning module AIModule (414)
[2020.03.18-12.14.23:296][974]LogModuleManager: Shutting down and abandoning module GameplayDebugger (413)
[2020.03.18-12.14.23:300][974]LogModuleManager: Shutting down and abandoning module AITestSuite (411)
[2020.03.18-12.14.23:300][974]LogModuleManager: Shutting down and abandoning module NavigationSystem (409)
[2020.03.18-12.14.23:300][974]LogModuleManager: Shutting down and abandoning module DesktopPlatform (406)
[2020.03.18-12.14.23:322][974]LogModuleManager: Shutting down and abandoning module ImageWriteQueue (404)
[2020.03.18-12.14.23:324][974]LogModuleManager: Shutting down and abandoning module ProfilerService (402)
[2020.03.18-12.14.23:516][974]LogModuleManager: Shutting down and abandoning module TaskGraph (400)
[2020.03.18-12.14.23:517][974]LogModuleManager: Shutting down and abandoning module SteamVRController (398)
[2020.03.18-12.14.23:517][974]LogModuleManager: Shutting down and abandoning module ProceduralMeshComponentEditor (396)
[2020.03.18-12.14.23:517][974]LogModuleManager: Shutting down and abandoning module ProceduralMeshComponent (394)
[2020.03.18-12.14.23:527][974]LogModuleManager: Shutting down and abandoning module OculusInput (392)
[2020.03.18-12.14.23:527][974]LogModuleManager: Shutting down and abandoning module MobilePatchingUtils (390)
[2020.03.18-12.14.23:527][974]LogModuleManager: Shutting down and abandoning module HoudiniEngineRuntime (388)
[2020.03.18-12.14.23:543][974]LogHoudiniEngine: Shutting down the Houdini Engine module.
[2020.03.18-12.14.23:725][974]LogModuleManager: Shutting down and abandoning module EditableMesh (386)
[2020.03.18-12.14.23:725][974]LogModuleManager: Shutting down and abandoning module CustomMeshComponent (384)
[2020.03.18-12.14.23:725][974]LogModuleManager: Shutting down and abandoning module CableComponent (382)
[2020.03.18-12.14.23:725][974]LogModuleManager: Shutting down and abandoning module AudioCapture (380)
[2020.03.18-12.14.23:725][974]LogModuleManager: Shutting down and abandoning module ArchVisCharacter (378)
[2020.03.18-12.14.23:725][974]LogModuleManager: Shutting down and abandoning module AndroidPermission (376)
[2020.03.18-12.14.23:725][974]LogModuleManager: Shutting down and abandoning module NUTUnrealEngine4 (374)
[2020.03.18-12.14.23:726][974]LogModuleManager: Shutting down and abandoning module NetcodeUnitTest (372)
[2020.03.18-12.14.23:726][974]LogModuleManager: Shutting down and abandoning module MediaCompositing (370)
[2020.03.18-12.14.23:726][974]LogModuleManager: Shutting down and abandoning module LinearTimecode (368)
[2020.03.18-12.14.23:726][974]LogModuleManager: Shutting down and abandoning module ImgMedia (366)
[2020.03.18-12.14.23:729][974]LogModuleManager: Shutting down and abandoning module HTML5Networking (364)
[2020.03.18-12.14.23:729][974]LogModuleManager: Shutting down and abandoning module GeometryCacheTracks (362)
[2020.03.18-12.14.23:729][974]LogModuleManager: Shutting down and abandoning module GeometryCacheSequencer (360)
[2020.03.18-12.14.23:729][974]LogModuleManager: Shutting down and abandoning module BackChannel (358)
[2020.03.18-12.14.23:730][974]LogModuleManager: Shutting down and abandoning module AppleVision (356)
[2020.03.18-12.14.23:730][974]LogModuleManager: Shutting down and abandoning module AppleImageUtilsBlueprintSupport (354)
[2020.03.18-12.14.23:730][974]LogModuleManager: Shutting down and abandoning module AppleImageUtils (352)
[2020.03.18-12.14.23:730][974]LogModuleManager: Shutting down and abandoning module AlembicImporter (350)
[2020.03.18-12.14.23:730][974]LogModuleManager: Shutting down and abandoning module AlembicLibrary (349)
[2020.03.18-12.14.23:730][974]LogModuleManager: Shutting down and abandoning module GeometryCache (348)
[2020.03.18-12.14.23:730][974]LogModuleManager: Shutting down and abandoning module GeometryCacheEd (347)
[2020.03.18-12.14.23:730][974]LogModuleManager: Shutting down and abandoning module VariantManagerContent (342)
[2020.03.18-12.14.23:730][974]LogModuleManager: Shutting down and abandoning module DatasmithContentEditor (340)
[2020.03.18-12.14.23:730][974]LogModuleManager: Shutting down and abandoning module SpeedTreeImporter (338)
[2020.03.18-12.14.23:730][974]LogModuleManager: Shutting down and abandoning module PluginBrowser (336)
[2020.03.18-12.14.23:732][974]LogModuleManager: Shutting down and abandoning module MobileLauncherProfileWizard (334)
[2020.03.18-12.14.23:732][974]LogModuleManager: Shutting down and abandoning module PolygonModeling (332)
[2020.03.18-12.14.23:732][974]LogModuleManager: Shutting down and abandoning module MeshEditor (330)
[2020.03.18-12.14.23:752][974]LogModuleManager: Shutting down and abandoning module CryptoKeysOpenSSL (328)
[2020.03.18-12.14.23:761][974]LogModuleManager: Shutting down and abandoning module CryptoKeys (326)
[2020.03.18-12.14.23:761][974]LogModuleManager: Shutting down and abandoning module VisualStudioSourceCodeAccess (324)
[2020.03.18-12.14.23:761][974]LogModuleManager: Shutting down and abandoning module VisualStudioCodeSourceCodeAccess (322)
[2020.03.18-12.14.23:761][974]LogModuleManager: Shutting down and abandoning module UObjectPlugin (320)
[2020.03.18-12.14.23:761][974]LogModuleManager: Shutting down and abandoning module SubversionSourceControl (318)
[2020.03.18-12.14.23:762][974]LogModuleManager: Shutting down and abandoning module PerforceSourceControl (316)
[2020.03.18-12.14.23:765][974]LogModuleManager: Shutting down and abandoning module GitSourceControl (314)
[2020.03.18-12.14.23:794][974]LogModuleManager: Shutting down and abandoning module SourceControl (313)
[2020.03.18-12.14.23:794][974]LogModuleManager: Shutting down and abandoning module CLionSourceCodeAccess (310)
[2020.03.18-12.14.23:794][974]LogModuleManager: Shutting down and abandoning module ActorLayerUtilitiesEditor (308)
[2020.03.18-12.14.23:794][974]LogModuleManager: Shutting down and abandoning module ActorLayerUtilities (306)
[2020.03.18-12.14.23:794][974]LogModuleManager: Shutting down and abandoning module LightPropagationVolumeEditor (304)
[2020.03.18-12.14.23:794][974]LogModuleManager: Shutting down and abandoning module PaperTiledImporter (302)
[2020.03.18-12.14.23:794][974]LogModuleManager: Shutting down and abandoning module PaperSpriteSheetImporter (300)
[2020.03.18-12.14.23:844][974]LogModuleManager: Shutting down and abandoning module Paper2DEditor (298)
[2020.03.18-12.14.23:857][974]LogModuleManager: Shutting down and abandoning module MeshPaint (297)
[2020.03.18-12.14.23:857][974]LogModuleManager: Shutting down and abandoning module RuntimePhysXCooking (294)
[2020.03.18-12.14.23:857][974]LogModuleManager: Shutting down and abandoning module PhysXVehiclesEditor (292)
[2020.03.18-12.14.23:857][974]LogModuleManager: Shutting down and abandoning module PhysXVehicles (290)
[2020.03.18-12.14.23:857][974]LogModuleManager: Shutting down and abandoning module OculusEditor (288)
[2020.03.18-12.14.23:879][974]LogModuleManager: Shutting down and abandoning module LocationServicesBPLibrary (286)
[2020.03.18-12.14.23:879][974]LogModuleManager: Shutting down and abandoning module ActorSequence (284)
[2020.03.18-12.14.23:879][974]LogModuleManager: Shutting down and abandoning module UdpMessaging (282)
[2020.03.18-12.14.23:980][974]LogModuleManager: Shutting down and abandoning module TcpMessaging (280)
[2020.03.18-12.14.24:100][974]LogModuleManager: Shutting down and abandoning module MagicLeapAudio (278)
[2020.03.18-12.14.24:100][974]LogModuleManager: Shutting down and abandoning module GameplayTagsEditor (276)
[2020.03.18-12.14.24:100][974]LogModuleManager: Shutting down and abandoning module FacialAnimationEditor (274)
[2020.03.18-12.14.24:100][974]LogModuleManager: Shutting down and abandoning module FacialAnimation (272)
[2020.03.18-12.14.24:100][974]LogModuleManager: Shutting down and abandoning module DataValidation (270)
[2020.03.18-12.14.24:100][974]LogModuleManager: Shutting down and abandoning module AssetManagerEditor (268)
[2020.03.18-12.14.24:128][974]LogModuleManager: Shutting down and abandoning module LevelEditor (267)
[2020.03.18-12.14.24:145][974]LogModuleManager: Shutting down and abandoning module PixelInspectorModule (266)
[2020.03.18-12.14.24:163][974]LogModuleManager: Shutting down and abandoning module CommonMenuExtensions (264)
[2020.03.18-12.14.24:163][974]LogModuleManager: Shutting down and abandoning module MainFrame (262)
[2020.03.18-12.14.24:163][974]LogModuleManager: Shutting down and abandoning module HotReload (261)
[2020.03.18-12.14.24:231][974]LogModuleManager: Shutting down and abandoning module ContentBrowser (257)
[2020.03.18-12.14.24:259][974]LogModuleManager: Shutting down and abandoning module TreeMap (255)
[2020.03.18-12.14.24:260][974]LogModuleManager: Shutting down and abandoning module LightPropagationVolumeRuntime (252)
[2020.03.18-12.14.24:260][974]LogModuleManager: Shutting down and abandoning module AISupportModule (250)
[2020.03.18-12.14.24:260][974]LogModuleManager: Shutting down and abandoning module Paper2D (248)
[2020.03.18-12.14.24:292][974]LogModuleManager: Shutting down and abandoning module WindowsMoviePlayer (246)
[2020.03.18-12.14.24:293][974]LogModuleManager: Shutting down and abandoning module WebMMoviePlayer (244)
[2020.03.18-12.14.24:293][974]LogModuleManager: Shutting down and abandoning module WmfMedia (242)
[2020.03.18-12.14.24:295][974]LogModuleManager: Shutting down and abandoning module Media (241)
[2020.03.18-12.14.24:301][974]LogModuleManager: Shutting down and abandoning module PacketHandler (238)
[2020.03.18-12.14.24:301][974]LogModuleManager: Shutting down and abandoning module ClothingSystemEditor (236)
[2020.03.18-12.14.24:301][974]LogModuleManager: Shutting down and abandoning module ClothingSystemRuntime (234)
[2020.03.18-12.14.24:320][974]LogModuleManager: Shutting down and abandoning module MediaAssets (232)
[2020.03.18-12.14.24:320][974]LogModuleManager: Shutting down and abandoning module Overlay (230)
[2020.03.18-12.14.24:320][974]LogModuleManager: Shutting down and abandoning module OverlayEditor (229)
[2020.03.18-12.14.24:320][974]LogModuleManager: Shutting down and abandoning module VREditor (226)
[2020.03.18-12.14.24:338][974]LogModuleManager: Shutting down and abandoning module StringTableEditor (224)
[2020.03.18-12.14.24:338][974]LogModuleManager: Shutting down and abandoning module GameplayTasksEditor (222)
[2020.03.18-12.14.24:338][974]LogModuleManager: Shutting down and abandoning module BehaviorTreeEditor (220)
[2020.03.18-12.14.24:376][974]LogModuleManager: Shutting down and abandoning module FunctionalTesting (218)
[2020.03.18-12.14.24:381][974]LogModuleManager: Shutting down and abandoning module CollisionAnalyzer (216)
[2020.03.18-12.14.24:382][974]LogModuleManager: Shutting down and abandoning module WorkspaceMenuStructure (215)
[2020.03.18-12.14.24:382][974]LogModuleManager: Shutting down and abandoning module UMG (212)
[2020.03.18-12.14.24:383][974]LogModuleManager: Shutting down and abandoning module UMGEditor (211)
[2020.03.18-12.14.24:403][974]LogModuleManager: Shutting down and abandoning module Sequencer (210)
[2020.03.18-12.14.24:447][974]LogModuleManager: Shutting down and abandoning module MessageLog (207)
[2020.03.18-12.14.24:447][974]LogModuleManager: Shutting down and abandoning module SlateReflector (202)
[2020.03.18-12.14.24:470][974]LogModuleManager: Shutting down and abandoning module Slate (200)
[2020.03.18-12.14.24:470][974]LogModuleManager: Shutting down and abandoning module EditorStyle (198)
[2020.03.18-12.14.24:492][974]LogModuleManager: Shutting down and abandoning module MRMesh (196)
[2020.03.18-12.14.24:504][974]LogModuleManager: Shutting down and abandoning module SourceCodeAccess (194)
[2020.03.18-12.14.24:504][974]LogModuleManager: Shutting down and abandoning module HeadMountedDisplay (192)
[2020.03.18-12.14.24:504][974]LogModuleManager: Shutting down and abandoning module XAudio2 (190)
[2020.03.18-12.14.24:505][974]LogModuleManager: Shutting down and abandoning module Networking (188)
[2020.03.18-12.14.24:505][974]LogModuleManager: Shutting down and abandoning module Core (186)
[2020.03.18-12.14.24:505][974]LogModuleManager: Shutting down and abandoning module LevelSequence (184)
[2020.03.18-12.14.24:505][974]LogModuleManager: Shutting down and abandoning module KismetCompiler (182)
[2020.03.18-12.14.24:505][974]LogModuleManager: Shutting down and abandoning module MeshUtilities (180)
[2020.03.18-12.14.24:505][974]LogModuleManager: Shutting down and abandoning module MeshMergeUtilities (179)
[2020.03.18-12.14.24:541][974]LogModuleManager: Shutting down and abandoning module MeshReductionInterface (178)
[2020.03.18-12.14.24:541][974]LogModuleManager: Shutting down and abandoning module SimplygonSwarm (177)
[2020.03.18-12.14.24:541][974]LogModuleManager: Shutting down and abandoning module ProxyLODMeshReduction (175)
[2020.03.18-12.14.24:567][974]LogModuleManager: Shutting down and abandoning module SimplygonMeshReduction (173)
[2020.03.18-12.14.24:567][974]LogModuleManager: Shutting down and abandoning module QuadricMeshReduction (171)
[2020.03.18-12.14.24:593][974]LogModuleManager: Shutting down and abandoning module MaterialBaking (167)
[2020.03.18-12.14.24:628][974]LogModuleManager: Shutting down and abandoning module DirectoryWatcher (163)
[2020.03.18-12.14.24:628][974]LogModuleManager: Shutting down and abandoning module DerivedDataCache (160)
[2020.03.18-12.14.25:100][974]LogDerivedDataCache: Shutdown
[2020.03.18-12.14.25:100][974]LogModuleManager: Shutting down and abandoning module XGEController (158)
[2020.03.18-12.14.25:152][974]LogModuleManager: Shutting down and abandoning module TargetPlatform (156)
[2020.03.18-12.14.25:162][974]LogModuleManager: Shutting down and abandoning module VulkanShaderFormat (155)
[2020.03.18-12.14.25:168][974]LogModuleManager: Shutting down and abandoning module ShaderFormatVectorVM (153)
[2020.03.18-12.14.25:189][974]LogModuleManager: Shutting down and abandoning module ShaderFormatOpenGL (151)
[2020.03.18-12.14.25:191][974]LogModuleManager: Shutting down and abandoning module ShaderFormatD3D (149)
[2020.03.18-12.14.25:191][974]LogModuleManager: Shutting down and abandoning module MetalShaderFormat (147)
[2020.03.18-12.14.25:227][974]LogModuleManager: Shutting down and abandoning module TextureFormatUncompressed (145)
[2020.03.18-12.14.25:227][974]LogModuleManager: Shutting down and abandoning module TextureFormatPVR (143)
[2020.03.18-12.14.25:227][974]LogModuleManager: Shutting down and abandoning module TextureFormatDXT (141)
[2020.03.18-12.14.25:235][974]LogModuleManager: Shutting down and abandoning module TextureFormatIntelISPCTexComp (139)
[2020.03.18-12.14.25:236][974]LogModuleManager: Shutting down and abandoning module TextureFormatASTC (137)
[2020.03.18-12.14.25:236][974]LogModuleManager: Shutting down and abandoning module ImageWrapper (136)
[2020.03.18-12.14.25:236][974]LogModuleManager: Shutting down and abandoning module TextureFormatAndroid (133)
[2020.03.18-12.14.25:236][974]LogModuleManager: Shutting down and abandoning module AudioFormatOpus (131)
[2020.03.18-12.14.25:236][974]LogModuleManager: Shutting down and abandoning module AudioFormatOgg (129)
[2020.03.18-12.14.25:236][974]LogModuleManager: Shutting down and abandoning module AudioFormatADPCM (127)
[2020.03.18-12.14.25:236][974]LogModuleManager: Shutting down and abandoning module LuminTargetPlatform (125)
[2020.03.18-12.14.25:256][974]LogModuleManager: Shutting down and abandoning module LinuxTargetPlatform (123)
[2020.03.18-12.14.25:256][974]LogModuleManager: Shutting down and abandoning module LinuxServerTargetPlatform (121)
[2020.03.18-12.14.25:256][974]LogModuleManager: Shutting down and abandoning module LinuxNoEditorTargetPlatform (119)
[2020.03.18-12.14.25:256][974]LogModuleManager: Shutting down and abandoning module LinuxClientTargetPlatform (117)
[2020.03.18-12.14.25:256][974]LogModuleManager: Shutting down and abandoning module TVOSTargetPlatform (115)
[2020.03.18-12.14.25:265][974]LogModuleManager: Shutting down and abandoning module Messaging (113)
[2020.03.18-12.14.25:265][974]LogModuleManager: Shutting down and abandoning module IOSTargetPlatform (111)
[2020.03.18-12.14.25:266][974]LogModuleManager: Shutting down and abandoning module HTML5TargetPlatform (109)
[2020.03.18-12.14.25:266][974]LogModuleManager: Shutting down and abandoning module AndroidTargetPlatform (107)
[2020.03.18-12.14.25:270][974]LogModuleManager: Shutting down and abandoning module WindowsTargetPlatform (105)
[2020.03.18-12.14.25:270][974]LogModuleManager: Shutting down and abandoning module WindowsServerTargetPlatform (103)
[2020.03.18-12.14.25:270][974]LogModuleManager: Shutting down and abandoning module WindowsNoEditorTargetPlatform (101)
[2020.03.18-12.14.25:270][974]LogModuleManager: Shutting down and abandoning module WindowsClientTargetPlatform (99)
[2020.03.18-12.14.25:270][974]LogModuleManager: Shutting down and abandoning module MacTargetPlatform (97)
[2020.03.18-12.14.25:270][974]LogModuleManager: Shutting down and abandoning module MacServerTargetPlatform (95)
[2020.03.18-12.14.25:270][974]LogModuleManager: Shutting down and abandoning module MacNoEditorTargetPlatform (93)
[2020.03.18-12.14.25:270][974]LogModuleManager: Shutting down and abandoning module MacClientTargetPlatform (91)
[2020.03.18-12.14.25:270][974]LogModuleManager: Shutting down and abandoning module AllDesktopTargetPlatform (89)
[2020.03.18-12.14.25:270][974]LogModuleManager: Shutting down and abandoning module InputCore (86)
[2020.03.18-12.14.25:270][974]LogModuleManager: Shutting down and abandoning module Settings (84)
[2020.03.18-12.14.25:270][974]LogModuleManager: Shutting down and abandoning module PhysXCooking (82)
[2020.03.18-12.14.25:270][974]LogModuleManager: Shutting down and abandoning module SteamVR (80)
[2020.03.18-12.14.25:298][974]LogHMD: Freeing OpenVRDLLHandle.
[2020.03.18-12.14.25:298][974]LogModuleManager: Shutting down and abandoning module OculusHMD (78)
[2020.03.18-12.14.25:298][974]LogModuleManager: Shutting down and abandoning module ExampleDeviceProfileSelector (76)
[2020.03.18-12.14.25:299][974]LogModuleManager: Shutting down and abandoning module LauncherChunkInstaller (74)
[2020.03.18-12.14.25:299][974]LogModuleManager: Shutting down and abandoning module OnlineBlueprintSupport (72)
[2020.03.18-12.14.25:299][974]LogModuleManager: Shutting down and abandoning module OnlineSubsystem (68)
[2020.03.18-12.14.25:371][974]LogModuleManager: Shutting down and abandoning module XMPP (63)
[2020.03.18-12.14.25:409][974]LogModuleManager: Shutting down and abandoning module WebSockets (62)
[2020.03.18-12.14.25:546][974]LogModuleManager: Shutting down and abandoning module HTTP (59)
[2020.03.18-12.14.25:556][974]LogHttp: Display: Http module shutting down, but needs to wait on 1 outstanding Http requests:
[2020.03.18-12.14.25:556][974]LogHttp: Display: 	verb=[POST] url=[https://datarouter.ol.epicgames.com/datarouter/api/v1/public/data?SessionID=%7B30EF8804-4400-E6CD-8FB5-4D8158F5DF48%7D&AppID=UEEditor.Rocket.Release&AppVersion=4.21.0-4541578%2B%2B%2BUE4%2BRelease-4.21&UserID=47b5df6047fecaf33f6a8fba066c1756%7C35eb9c4a79c94d72ab19c31ac00cffce%7C0df4a111-fc01-4e79-8063-7ed0259c0570&AppEnvironment=datacollector-binary&UploadType=eteventstream] status=Processing
[2020.03.18-12.14.25:564][974]LogModuleManager: Shutting down and abandoning module SSL (58)
[2020.03.18-12.14.25:564][974]LogModuleManager: Shutting down and abandoning module MagicLeapIdentity (54)
[2020.03.18-12.14.25:564][974]LogModuleManager: Shutting down and abandoning module MagicLeapHelperVulkan (52)
[2020.03.18-12.14.25:564][974]LogModuleManager: Shutting down and abandoning module MagicLeapHelperOpenGL (50)
[2020.03.18-12.14.25:564][974]LogModuleManager: Shutting down and abandoning module MagicLeapSecureStorage (48)
[2020.03.18-12.14.25:564][974]LogModuleManager: Shutting down and abandoning module MagicLeapHandTracking (46)
[2020.03.18-12.14.25:564][974]LogModuleManager: Shutting down and abandoning module MagicLeapEyeTracker (44)
[2020.03.18-12.14.25:564][974]LogModuleManager: Shutting down and abandoning module MagicLeapController (42)
[2020.03.18-12.14.25:565][974]LogSlate: Slate User Destroyed.  User Index 0, Is Virtual User: 0
[2020.03.18-12.14.25:565][974]LogModuleManager: Shutting down and abandoning module MagicLeap (40)
[2020.03.18-12.14.25:650][974]LogModuleManager: Shutting down and abandoning module DatasmithContent (38)
[2020.03.18-12.14.25:650][974]LogModuleManager: Shutting down and abandoning module AnimationModifiers (36)
[2020.03.18-12.14.25:686][974]LogModuleManager: Shutting down and abandoning module PropertyEditor (35)
[2020.03.18-12.14.25:718][974]LogModuleManager: Shutting down and abandoning module AudioEditor (32)
[2020.03.18-12.14.25:845][974]LogModuleManager: Shutting down and abandoning module TextureCompressor (30)
[2020.03.18-12.14.25:856][974]LogModuleManager: Shutting down and abandoning module ShaderCore (28)
[2020.03.18-12.14.25:856][974]LogModuleManager: Shutting down and abandoning module Landscape (26)
[2020.03.18-12.14.25:856][974]LogModuleManager: Shutting down and abandoning module SlateRHIRenderer (24)
[2020.03.18-12.14.25:890][974]LogModuleManager: Shutting down and abandoning module OpenGLDrv (22)
[2020.03.18-12.14.25:909][974]LogModuleManager: Shutting down and abandoning module D3D11RHI (20)
[2020.03.18-12.14.25:909][974]LogModuleManager: Shutting down and abandoning module AnimGraphRuntime (18)
[2020.03.18-12.14.25:923][974]LogModuleManager: Shutting down and abandoning module Renderer (16)
[2020.03.18-12.14.25:923][974]LogModuleManager: Shutting down and abandoning module Engine (14)
[2020.03.18-12.14.25:923][974]LogModuleManager: Shutting down and abandoning module CoreUObject (12)
[2020.03.18-12.14.25:923][974]LogModuleManager: Shutting down and abandoning module NetworkFile (10)
[2020.03.18-12.14.25:959][974]LogModuleManager: Shutting down and abandoning module CookedIterativeFile (8)
[2020.03.18-12.14.25:959][974]LogModuleManager: Shutting down and abandoning module StreamingFile (6)
[2020.03.18-12.14.25:966][974]LogModuleManager: Shutting down and abandoning module SandboxFile (4)
[2020.03.18-12.14.25:966][974]LogModuleManager: Shutting down and abandoning module PakFile (2)
[2020.03.18-12.14.26:022][974]LogExit: Exiting.
[2020.03.18-12.14.26:056][974]Log file closed, 03/18/20 20:14:26
